

================================================================
== Vivado HLS Report for 'kernel3'
================================================================
* Date:           Sun May 22 23:07:48 2022

* Version:        2016.4 (Build 1756540 on Mon Jan 23 19:31:01 MST 2017)
* Project:        prj_kernel3
* Solution:       solution1
* Product family: kintex7
* Target device:  xc7k160tfbg484-1


================================================================
== Performance Estimates
================================================================
+ Timing (ns): 
    * Summary: 
    +--------+-------+----------+------------+
    |  Clock | Target| Estimated| Uncertainty|
    +--------+-------+----------+------------+
    |ap_clk  |  10.00|      8.56|        1.25|
    +--------+-------+----------+------------+

+ Latency (clock cycles): 
    * Summary: 
    +------+------+------+------+---------+
    |   Latency   |   Interval  | Pipeline|
    |  min |  max |  min |  max |   Type  |
    +------+------+------+------+---------+
    |  4106|  4106|  4107|  4107|   none  |
    +------+------+------+------+---------+

    + Detail: 
        * Instance: 
        N/A

        * Loop: 
        +----------+------+------+----------+-----------+-----------+------+----------+
        |          |   Latency   | Iteration|  Initiation Interval  | Trip |          |
        | Loop Name|  min |  max |  Latency |  achieved |   target  | Count| Pipelined|
        +----------+------+------+----------+-----------+-----------+------+----------+
        |- Loop 1  |  4087|  4087|         7|          4|          4|  1021|    yes   |
        +----------+------+------+----------+-----------+-----------+------+----------+

============================================================
+ Verbose Summary: Synthesis Manager
============================================================
InlineROM: 1
ExposeGlobal: 0
============================================================
+ Verbose Summary: CDFG Model
============================================================
IsTopModel: 1
ResetActiveHigh: 1
IsCombinational: 0
IsDatapathOnly: 0
HasWiredReturn: 1
HasMFsm: 0
HasVarLatency: 1
IsPipeline: 0
IsRtlPipelined: 0
IsInstanceOverlapped: 0
IsDontTouch: 0
HasImplIP: 0
IsGatedGlobalClock: 0

+ Individual pipeline summary: 
  * Pipeline-0: initiation interval (II) = 4, depth = 7


============================================================
+ Verbose Summary: Schedule
============================================================
* Number of FSM states: 26
* Pipeline: 1
  Pipeline-0: II = 4, D = 7, States = { 17 18 19 20 21 22 23 }
* Dataflow Pipeline: 0

* FSM state transitions: 
1 --> 
	2  / true
2 --> 
	3  / true
3 --> 
	4  / true
4 --> 
	5  / true
5 --> 
	6  / true
6 --> 
	7  / true
7 --> 
	8  / true
8 --> 
	9  / true
9 --> 
	10  / true
10 --> 
	11  / true
11 --> 
	12  / true
12 --> 
	13  / true
13 --> 
	14  / true
14 --> 
	15  / true
15 --> 
	16  / true
16 --> 
	17  / true
17 --> 
	18  / true
18 --> 
	19  / true
19 --> 
	20  / true
20 --> 
	24  / (exitcond)
	21  / (!exitcond)
21 --> 
	22  / true
22 --> 
	23  / true
23 --> 
	17  / true
24 --> 
	25  / true
25 --> 
	26  / true
26 --> 
* FSM state operations: 

 <State 1>: 2.33ns
ST_1: index_addr (7)  [1/1] 0.00ns
_ifconv36:3  %index_addr = getelementptr [1024 x i32]* %index, i64 0, i64 0

ST_1: index0 (10)  [2/2] 2.33ns  loc: kernel3.cpp:10
_ifconv36:6  %index0 = load i32* %index_addr, align 4


 <State 2>: 4.66ns
ST_2: weight_addr (8)  [1/1] 0.00ns
_ifconv36:4  %weight_addr = getelementptr [1024 x float]* %weight, i64 0, i64 0

ST_2: index0 (10)  [1/2] 2.33ns  loc: kernel3.cpp:10
_ifconv36:6  %index0 = load i32* %index_addr, align 4

ST_2: tmp (15)  [1/1] 0.00ns  loc: kernel3.cpp:15
_ifconv36:11  %tmp = sext i32 %index0 to i64

ST_2: hist_addr (16)  [1/1] 0.00ns  loc: kernel3.cpp:15
_ifconv36:12  %hist_addr = getelementptr [1024 x float]* %hist, i64 0, i64 %tmp

ST_2: hist_load (17)  [2/2] 2.33ns  loc: kernel3.cpp:15
_ifconv36:13  %hist_load = load float* %hist_addr, align 4

ST_2: weight_load (18)  [2/2] 2.33ns  loc: kernel3.cpp:15
_ifconv36:14  %weight_load = load float* %weight_addr, align 4


 <State 3>: 2.33ns
ST_3: hist_load (17)  [1/2] 2.33ns  loc: kernel3.cpp:15
_ifconv36:13  %hist_load = load float* %hist_addr, align 4

ST_3: weight_load (18)  [1/2] 2.33ns  loc: kernel3.cpp:15
_ifconv36:14  %weight_load = load float* %weight_addr, align 4


 <State 4>: 7.72ns
ST_4: hist0 (19)  [4/4] 7.72ns  loc: kernel3.cpp:15
_ifconv36:15  %hist0 = fadd float %hist_load, %weight_load


 <State 5>: 7.72ns
ST_5: index_addr_1 (11)  [1/1] 0.00ns  loc: kernel3.cpp:11
_ifconv36:7  %index_addr_1 = getelementptr [1024 x i32]* %index, i64 0, i64 1

ST_5: index1 (12)  [2/2] 2.33ns  loc: kernel3.cpp:11
_ifconv36:8  %index1 = load i32* %index_addr_1, align 4

ST_5: hist0 (19)  [3/4] 7.72ns  loc: kernel3.cpp:15
_ifconv36:15  %hist0 = fadd float %hist_load, %weight_load


 <State 6>: 7.72ns
ST_6: index1 (12)  [1/2] 2.33ns  loc: kernel3.cpp:11
_ifconv36:8  %index1 = load i32* %index_addr_1, align 4

ST_6: hist0 (19)  [2/4] 7.72ns  loc: kernel3.cpp:15
_ifconv36:15  %hist0 = fadd float %hist_load, %weight_load

ST_6: weight_addr_1 (21)  [1/1] 0.00ns  loc: kernel3.cpp:21
_ifconv36:17  %weight_addr_1 = getelementptr [1024 x float]* %weight, i64 0, i64 1

ST_6: weight_load_1 (22)  [2/2] 2.33ns  loc: kernel3.cpp:21
_ifconv36:18  %weight_load_1 = load float* %weight_addr_1, align 4

ST_6: tmp_4 (23)  [1/1] 0.00ns  loc: kernel3.cpp:23
_ifconv36:19  %tmp_4 = sext i32 %index1 to i64

ST_6: hist_addr_1 (24)  [1/1] 0.00ns  loc: kernel3.cpp:23
_ifconv36:20  %hist_addr_1 = getelementptr [1024 x float]* %hist, i64 0, i64 %tmp_4

ST_6: hist_load_1 (25)  [2/2] 2.33ns  loc: kernel3.cpp:23
_ifconv36:21  %hist_load_1 = load float* %hist_addr_1, align 4


 <State 7>: 8.56ns
ST_7: hist0 (19)  [1/4] 7.72ns  loc: kernel3.cpp:15
_ifconv36:15  %hist0 = fadd float %hist_load, %weight_load

ST_7: tmp_2 (20)  [1/1] 1.65ns  loc: kernel3.cpp:18
_ifconv36:16  %tmp_2 = icmp eq i32 %index1, %index0

ST_7: weight_load_1 (22)  [1/2] 2.33ns  loc: kernel3.cpp:21
_ifconv36:18  %weight_load_1 = load float* %weight_addr_1, align 4

ST_7: hist_load_1 (25)  [1/2] 2.33ns  loc: kernel3.cpp:23
_ifconv36:21  %hist_load_1 = load float* %hist_addr_1, align 4

ST_7: hist4_v (26)  [1/1] 0.84ns  loc: kernel3.cpp:18
_ifconv36:22  %hist4_v = select i1 %tmp_2, float %hist0, float %hist_load_1

ST_7: index4 (28)  [1/1] 0.84ns  loc: kernel3.cpp:18
_ifconv36:24  %index4 = select i1 %tmp_2, i32 -1, i32 %index0


 <State 8>: 7.72ns
ST_8: hist1 (27)  [4/4] 7.72ns  loc: kernel3.cpp:18
_ifconv36:23  %hist1 = fadd float %hist4_v, %weight_load_1


 <State 9>: 7.72ns
ST_9: index_addr_2 (13)  [1/1] 0.00ns  loc: kernel3.cpp:12
_ifconv36:9  %index_addr_2 = getelementptr [1024 x i32]* %index, i64 0, i64 2

ST_9: index2 (14)  [2/2] 2.33ns  loc: kernel3.cpp:12
_ifconv36:10  %index2 = load i32* %index_addr_2, align 4

ST_9: hist1 (27)  [3/4] 7.72ns  loc: kernel3.cpp:18
_ifconv36:23  %hist1 = fadd float %hist4_v, %weight_load_1


 <State 10>: 7.72ns
ST_10: index2 (14)  [1/2] 2.33ns  loc: kernel3.cpp:12
_ifconv36:10  %index2 = load i32* %index_addr_2, align 4

ST_10: hist1 (27)  [2/4] 7.72ns  loc: kernel3.cpp:18
_ifconv36:23  %hist1 = fadd float %hist4_v, %weight_load_1

ST_10: weight_addr_2 (30)  [1/1] 0.00ns  loc: kernel3.cpp:28
_ifconv36:26  %weight_addr_2 = getelementptr [1024 x float]* %weight, i64 0, i64 2

ST_10: weight_load_2 (31)  [2/2] 2.33ns  loc: kernel3.cpp:28
_ifconv36:27  %weight_load_2 = load float* %weight_addr_2, align 4

ST_10: tmp_s (33)  [1/1] 0.00ns  loc: kernel3.cpp:33
_ifconv36:29  %tmp_s = sext i32 %index2 to i64

ST_10: hist_addr_2 (34)  [1/1] 0.00ns  loc: kernel3.cpp:33
_ifconv36:30  %hist_addr_2 = getelementptr [1024 x float]* %hist, i64 0, i64 %tmp_s

ST_10: hist_load_2 (35)  [2/2] 2.33ns  loc: kernel3.cpp:33
_ifconv36:31  %hist_load_2 = load float* %hist_addr_2, align 4


 <State 11>: 8.56ns
ST_11: hist1 (27)  [1/4] 7.72ns  loc: kernel3.cpp:18
_ifconv36:23  %hist1 = fadd float %hist4_v, %weight_load_1

ST_11: tmp_6 (29)  [1/1] 1.65ns  loc: kernel3.cpp:26
_ifconv36:25  %tmp_6 = icmp eq i32 %index2, %index1

ST_11: weight_load_2 (31)  [1/2] 2.33ns  loc: kernel3.cpp:28
_ifconv36:27  %weight_load_2 = load float* %weight_addr_2, align 4

ST_11: tmp_8 (32)  [1/1] 1.65ns  loc: kernel3.cpp:29
_ifconv36:28  %tmp_8 = icmp eq i32 %index2, %index4

ST_11: hist_load_2 (35)  [1/2] 2.33ns  loc: kernel3.cpp:33
_ifconv36:31  %hist_load_2 = load float* %hist_addr_2, align 4

ST_11: index1_1_ph (36)  [1/1] 0.84ns  loc: kernel3.cpp:26
_ifconv36:32  %index1_1_ph = select i1 %tmp_6, i32 -1, i32 %index1

ST_11: sel_tmp (37)  [1/1] 0.00ns  loc: kernel3.cpp:26 (grouped into LUT with out node sel_tmp3)
_ifconv36:33  %sel_tmp = xor i1 %tmp_6, true

ST_11: sel_tmp3 (38)  [1/1] 0.84ns  loc: kernel3.cpp:29 (out node of the LUT)
_ifconv36:34  %sel_tmp3 = and i1 %tmp_8, %sel_tmp

ST_11: sel_tmp4 (39)  [1/1] 0.00ns  loc: kernel3.cpp:29 (grouped into LUT with out node index0_3_ph)
_ifconv36:35  %sel_tmp4 = select i1 %sel_tmp3, i32 -1, i32 %index4

ST_11: index0_3_ph (40)  [1/1] 0.84ns  loc: kernel3.cpp:26 (out node of the LUT)
_ifconv36:36  %index0_3_ph = select i1 %tmp_6, i32 %index4, i32 %sel_tmp4

ST_11: sel_tmp53_v (41)  [1/1] 0.00ns  loc: kernel3.cpp:29 (grouped into LUT with out node hist1_2_ph_v)
_ifconv36:37  %sel_tmp53_v = select i1 %sel_tmp3, float %hist0, float %hist_load_2

ST_11: hist1_2_ph_v (42)  [1/1] 0.84ns  loc: kernel3.cpp:26 (out node of the LUT)
_ifconv36:38  %hist1_2_ph_v = select i1 %tmp_6, float %hist1, float %sel_tmp53_v


 <State 12>: 7.72ns
ST_12: hist2 (43)  [4/4] 7.72ns  loc: kernel3.cpp:26
_ifconv36:39  %hist2 = fadd float %hist1_2_ph_v, %weight_load_2


 <State 13>: 7.72ns
ST_13: hist2 (43)  [3/4] 7.72ns  loc: kernel3.cpp:26
_ifconv36:39  %hist2 = fadd float %hist1_2_ph_v, %weight_load_2


 <State 14>: 7.72ns
ST_14: hist2 (43)  [2/4] 7.72ns  loc: kernel3.cpp:26
_ifconv36:39  %hist2 = fadd float %hist1_2_ph_v, %weight_load_2


 <State 15>: 7.72ns
ST_15: hist2 (43)  [1/4] 7.72ns  loc: kernel3.cpp:26
_ifconv36:39  %hist2 = fadd float %hist1_2_ph_v, %weight_load_2


 <State 16>: 1.08ns
ST_16: StgValue_81 (4)  [1/1] 0.00ns
_ifconv36:0  call void (...)* @_ssdm_op_SpecBitsMap([1024 x float]* %hist) nounwind, !map !7

ST_16: StgValue_82 (5)  [1/1] 0.00ns
_ifconv36:1  call void (...)* @_ssdm_op_SpecBitsMap([1024 x float]* %weight) nounwind, !map !13

ST_16: StgValue_83 (6)  [1/1] 0.00ns
_ifconv36:2  call void (...)* @_ssdm_op_SpecBitsMap([1024 x i32]* %index) nounwind, !map !17

ST_16: StgValue_84 (9)  [1/1] 0.00ns
_ifconv36:5  call void (...)* @_ssdm_op_SpecTopModule([8 x i8]* @kernel3_str) nounwind

ST_16: StgValue_85 (44)  [1/1] 1.08ns  loc: kernel3.cpp:36
_ifconv36:40  br label %.preheader


 <State 17>: 2.33ns
ST_17: i (52)  [1/1] 0.00ns
.preheader:6  %i = phi i11 [ %i_1, %._crit_edge3 ], [ 3, %_ifconv36 ]

ST_17: exitcond (53)  [1/1] 1.45ns  loc: kernel3.cpp:36
.preheader:7  %exitcond = icmp eq i11 %i, -1024

ST_17: tmp_3 (59)  [1/1] 0.00ns  loc: kernel3.cpp:39
_ifconv:3  %tmp_3 = zext i11 %i to i64

ST_17: index_addr_3 (60)  [1/1] 0.00ns  loc: kernel3.cpp:39
_ifconv:4  %index_addr_3 = getelementptr [1024 x i32]* %index, i64 0, i64 %tmp_3

ST_17: index3 (61)  [2/2] 2.33ns  loc: kernel3.cpp:39
_ifconv:5  %index3 = load i32* %index_addr_3, align 4

ST_17: weight_addr_3 (62)  [1/1] 0.00ns  loc: kernel3.cpp:40
_ifconv:6  %weight_addr_3 = getelementptr [1024 x float]* %weight, i64 0, i64 %tmp_3

ST_17: weight3 (63)  [2/2] 2.33ns  loc: kernel3.cpp:40
_ifconv:7  %weight3 = load float* %weight_addr_3, align 4

ST_17: i_1 (94)  [1/1] 1.40ns  loc: kernel3.cpp:36
._crit_edge3:1  %i_1 = add i11 %i, 1


 <State 18>: 4.66ns
ST_18: index3 (61)  [1/2] 2.33ns  loc: kernel3.cpp:39
_ifconv:5  %index3 = load i32* %index_addr_3, align 4

ST_18: weight3 (63)  [1/2] 2.33ns  loc: kernel3.cpp:40
_ifconv:7  %weight3 = load float* %weight_addr_3, align 4

ST_18: tmp_13 (67)  [1/1] 0.00ns  loc: kernel3.cpp:53
_ifconv:11  %tmp_13 = sext i32 %index3 to i64

ST_18: hist_addr_5 (68)  [1/1] 0.00ns  loc: kernel3.cpp:53
_ifconv:12  %hist_addr_5 = getelementptr [1024 x float]* %hist, i64 0, i64 %tmp_13

ST_18: hist_load_3 (69)  [2/2] 2.33ns  loc: kernel3.cpp:53
_ifconv:13  %hist_load_3 = load float* %hist_addr_5, align 4


 <State 19>: 3.33ns
ST_19: hist0_1 (47)  [1/1] 0.00ns
.preheader:1  %hist0_1 = phi float [ %hist1_1, %._crit_edge3 ], [ %hist1, %_ifconv36 ]

ST_19: index5 (48)  [1/1] 0.00ns
.preheader:2  %index5 = phi i32 [ %index3, %._crit_edge3 ], [ %index2, %_ifconv36 ]

ST_19: index1_1 (49)  [1/1] 0.00ns
.preheader:3  %index1_1 = phi i32 [ %index1_2, %._crit_edge3 ], [ %index1_1_ph, %_ifconv36 ]

ST_19: index0_3 (50)  [1/1] 0.00ns
.preheader:4  %index0_3 = phi i32 [ %index0_1, %._crit_edge3 ], [ %index0_3_ph, %_ifconv36 ]

ST_19: hist1_1 (51)  [1/1] 0.00ns
.preheader:5  %hist1_1 = phi float [ %hist3, %._crit_edge3 ], [ %hist2, %_ifconv36 ]

ST_19: tmp_5 (64)  [1/1] 1.65ns  loc: kernel3.cpp:43
_ifconv:8  %tmp_5 = icmp eq i32 %index3, %index5

ST_19: tmp_9 (65)  [1/1] 1.65ns  loc: kernel3.cpp:46
_ifconv:9  %tmp_9 = icmp eq i32 %index3, %index1_1

ST_19: tmp_11 (66)  [1/1] 1.65ns  loc: kernel3.cpp:49
_ifconv:10  %tmp_11 = icmp eq i32 %index3, %index0_3

ST_19: hist_load_3 (69)  [1/2] 2.33ns  loc: kernel3.cpp:53
_ifconv:13  %hist_load_3 = load float* %hist_addr_5, align 4

ST_19: sel_tmp1 (70)  [1/1] 0.00ns  loc: kernel3.cpp:43 (grouped into LUT with out node sel_tmp2)
_ifconv:14  %sel_tmp1 = xor i1 %tmp_5, true

ST_19: sel_tmp2 (71)  [1/1] 0.84ns  loc: kernel3.cpp:46 (out node of the LUT)
_ifconv:15  %sel_tmp2 = and i1 %tmp_9, %sel_tmp1

ST_19: sel_tmp6_demorgan (72)  [1/1] 0.00ns  loc: kernel3.cpp:43 (grouped into LUT with out node sel_tmp7)
_ifconv:16  %sel_tmp6_demorgan = or i1 %tmp_5, %tmp_9

ST_19: sel_tmp6 (73)  [1/1] 0.00ns  loc: kernel3.cpp:43 (grouped into LUT with out node sel_tmp7)
_ifconv:17  %sel_tmp6 = xor i1 %sel_tmp6_demorgan, true

ST_19: sel_tmp7 (74)  [1/1] 0.84ns  loc: kernel3.cpp:49 (out node of the LUT)
_ifconv:18  %sel_tmp7 = and i1 %tmp_11, %sel_tmp6

ST_19: or_cond (75)  [1/1] 0.00ns  loc: kernel3.cpp:63 (grouped into LUT with out node index1_2)
_ifconv:19  %or_cond = or i1 %sel_tmp7, %sel_tmp2

ST_19: newSel (76)  [1/1] 0.00ns  loc: kernel3.cpp:43 (grouped into LUT with out node index1_2)
_ifconv:20  %newSel = select i1 %tmp_5, i32 -1, i32 %index5

ST_19: index1_2 (77)  [1/1] 0.84ns  loc: kernel3.cpp:63 (out node of the LUT)
_ifconv:21  %index1_2 = select i1 %or_cond, i32 %index5, i32 %newSel

ST_19: sel_tmp5 (78)  [1/1] 0.00ns  loc: kernel3.cpp:62 (grouped into LUT with out node index0_1)
_ifconv:22  %sel_tmp5 = select i1 %sel_tmp2, i32 -1, i32 %index1_1

ST_19: index0_1 (79)  [1/1] 0.84ns  loc: kernel3.cpp:62 (out node of the LUT)
_ifconv:23  %index0_1 = select i1 %sel_tmp7, i32 %index1_1, i32 %sel_tmp5

ST_19: sel_tmp8 (81)  [1/1] 0.00ns  loc: kernel3.cpp:43 (grouped into LUT with out node sel_tmp9)
_ifconv:25  %sel_tmp8 = select i1 %tmp_5, float %hist1_1, float %hist_load_3

ST_19: sel_tmp9 (82)  [1/1] 0.84ns  loc: kernel3.cpp:46 (out node of the LUT)
_ifconv:26  %sel_tmp9 = select i1 %sel_tmp2, float %hist0_1, float %sel_tmp8


 <State 20>: 8.56ns
ST_20: hist5 (46)  [1/1] 0.00ns
.preheader:0  %hist5 = phi float [ %hist0_1, %._crit_edge3 ], [ %hist0, %_ifconv36 ]

ST_20: StgValue_121 (54)  [1/1] 0.00ns  loc: kernel3.cpp:36
.preheader:8  br i1 %exitcond, label %1, label %_ifconv

ST_20: index0_6 (80)  [1/1] 0.84ns  loc: kernel3.cpp:49
_ifconv:24  %index0_6 = select i1 %sel_tmp7, i32 -1, i32 %index0_3

ST_20: hist2_2_pn (83)  [1/1] 0.84ns  loc: kernel3.cpp:49 (out node of the LUT)
_ifconv:27  %hist2_2_pn = select i1 %sel_tmp7, float %hist5, float %sel_tmp9

ST_20: hist3 (84)  [4/4] 7.72ns  loc: kernel3.cpp:45
_ifconv:28  %hist3 = fadd float %hist2_2_pn, %weight3

ST_20: tmp_15 (85)  [1/1] 1.65ns  loc: kernel3.cpp:57
_ifconv:29  %tmp_15 = icmp eq i32 %index0_6, -1

ST_20: StgValue_126 (86)  [1/1] 0.00ns  loc: kernel3.cpp:57
_ifconv:30  br i1 %tmp_15, label %._crit_edge3, label %0

ST_20: tmp_17 (88)  [1/1] 0.00ns  loc: kernel3.cpp:58
:0  %tmp_17 = sext i32 %index0_6 to i64

ST_20: hist_addr_7 (89)  [1/1] 0.00ns  loc: kernel3.cpp:58
:1  %hist_addr_7 = getelementptr [1024 x float]* %hist, i64 0, i64 %tmp_17

ST_20: StgValue_129 (90)  [1/1] 2.33ns  loc: kernel3.cpp:58
:2  store float %hist5, float* %hist_addr_7, align 4

ST_20: StgValue_130 (91)  [1/1] 0.00ns  loc: kernel3.cpp:59
:3  br label %._crit_edge3


 <State 21>: 7.72ns
ST_21: hist3 (84)  [3/4] 7.72ns  loc: kernel3.cpp:45
_ifconv:28  %hist3 = fadd float %hist2_2_pn, %weight3


 <State 22>: 7.72ns
ST_22: hist3 (84)  [2/4] 7.72ns  loc: kernel3.cpp:45
_ifconv:28  %hist3 = fadd float %hist2_2_pn, %weight3


 <State 23>: 7.72ns
ST_23: empty (56)  [1/1] 0.00ns
_ifconv:0  %empty = call i32 (...)* @_ssdm_op_SpecLoopTripCount(i64 1021, i64 1021, i64 1021) nounwind

ST_23: tmp_18 (57)  [1/1] 0.00ns  loc: kernel3.cpp:36
_ifconv:1  %tmp_18 = call i32 (...)* @_ssdm_op_SpecRegionBegin([12 x i8]* @p_str) nounwind

ST_23: StgValue_135 (58)  [1/1] 0.00ns  loc: kernel3.cpp:38
_ifconv:2  call void (...)* @_ssdm_op_SpecPipeline(i32 4, i32 1, i32 1, i32 0, [1 x i8]* @p_str1) nounwind

ST_23: hist3 (84)  [1/4] 7.72ns  loc: kernel3.cpp:45
_ifconv:28  %hist3 = fadd float %hist2_2_pn, %weight3

ST_23: empty_2 (93)  [1/1] 0.00ns  loc: kernel3.cpp:69
._crit_edge3:0  %empty_2 = call i32 (...)* @_ssdm_op_SpecRegionEnd([12 x i8]* @p_str, i32 %tmp_18) nounwind

ST_23: StgValue_138 (95)  [1/1] 0.00ns  loc: kernel3.cpp:36
._crit_edge3:2  br label %.preheader


 <State 24>: 2.33ns
ST_24: tmp_1 (97)  [1/1] 1.65ns  loc: kernel3.cpp:72
:0  %tmp_1 = icmp eq i32 %index0_3, -1

ST_24: StgValue_140 (98)  [1/1] 0.00ns  loc: kernel3.cpp:72
:1  br i1 %tmp_1, label %._crit_edge4, label %2

ST_24: tmp_7 (100)  [1/1] 0.00ns  loc: kernel3.cpp:73
:0  %tmp_7 = sext i32 %index0_3 to i64

ST_24: hist_addr_3 (101)  [1/1] 0.00ns  loc: kernel3.cpp:73
:1  %hist_addr_3 = getelementptr [1024 x float]* %hist, i64 0, i64 %tmp_7

ST_24: StgValue_143 (102)  [1/1] 2.33ns  loc: kernel3.cpp:73
:2  store float %hist5, float* %hist_addr_3, align 4

ST_24: StgValue_144 (103)  [1/1] 0.00ns  loc: kernel3.cpp:74
:3  br label %._crit_edge4

ST_24: tmp_10 (105)  [1/1] 1.65ns  loc: kernel3.cpp:75
._crit_edge4:0  %tmp_10 = icmp eq i32 %index1_1, -1

ST_24: StgValue_146 (106)  [1/1] 0.00ns  loc: kernel3.cpp:75
._crit_edge4:1  br i1 %tmp_10, label %._crit_edge5, label %3


 <State 25>: 2.33ns
ST_25: tmp_12 (108)  [1/1] 0.00ns  loc: kernel3.cpp:76
:0  %tmp_12 = sext i32 %index1_1 to i64

ST_25: hist_addr_4 (109)  [1/1] 0.00ns  loc: kernel3.cpp:76
:1  %hist_addr_4 = getelementptr [1024 x float]* %hist, i64 0, i64 %tmp_12

ST_25: StgValue_149 (110)  [1/1] 2.33ns  loc: kernel3.cpp:76
:2  store float %hist0_1, float* %hist_addr_4, align 4

ST_25: StgValue_150 (111)  [1/1] 0.00ns  loc: kernel3.cpp:77
:3  br label %._crit_edge5

ST_25: tmp_14 (113)  [1/1] 1.65ns  loc: kernel3.cpp:78
._crit_edge5:0  %tmp_14 = icmp eq i32 %index5, -1

ST_25: StgValue_152 (114)  [1/1] 0.00ns  loc: kernel3.cpp:78
._crit_edge5:1  br i1 %tmp_14, label %._crit_edge6, label %4


 <State 26>: 2.33ns
ST_26: tmp_16 (116)  [1/1] 0.00ns  loc: kernel3.cpp:79
:0  %tmp_16 = sext i32 %index5 to i64

ST_26: hist_addr_6 (117)  [1/1] 0.00ns  loc: kernel3.cpp:79
:1  %hist_addr_6 = getelementptr [1024 x float]* %hist, i64 0, i64 %tmp_16

ST_26: StgValue_155 (118)  [1/1] 2.33ns  loc: kernel3.cpp:79
:2  store float %hist1_1, float* %hist_addr_6, align 4

ST_26: StgValue_156 (119)  [1/1] 0.00ns  loc: kernel3.cpp:80
:3  br label %._crit_edge6

ST_26: StgValue_157 (121)  [1/1] 0.00ns  loc: kernel3.cpp:81
._crit_edge6:0  ret void



============================================================
+ Verbose Summary: Binding
============================================================
STG Binding: 
---------------- STG Properties BEGIN ----------------
- Is combinational: 0
- Is one-state seq: 0
- Is datapath-only: 0
- Is clock enabled: 0
- Is pipelined: 0
- Is top level: 1
Port [ Return ] is wired: 1; IO mode=ap_ctrl_hs:ce=0
Port [ hist]:  wired=1; compound=1; hidden=0; nouse=0; global=0; static=0; extern=0; dir=2; type=1; pingpong=0; private_global=0; MemPort=[23]; IO mode=ap_memory:ce=0
Port [ weight]:  wired=1; compound=1; hidden=0; nouse=0; global=0; static=0; extern=0; dir=0; type=1; pingpong=0; private_global=0; MemPort=[13]; IO mode=ap_memory:ce=0
Port [ index]:  wired=1; compound=1; hidden=0; nouse=0; global=0; static=0; extern=0; dir=0; type=1; pingpong=0; private_global=0; MemPort=[13]; IO mode=ap_memory:ce=0
---------------- STG Properties END ------------------

---------------- Datapath Model BEGIN ----------------

<LifeTime>
<method=bitvector/>
index_addr        (getelementptr    ) [ 001000000000000000000000000]
weight_addr       (getelementptr    ) [ 000100000000000000000000000]
index0            (load             ) [ 000111110000000000000000000]
tmp               (sext             ) [ 000000000000000000000000000]
hist_addr         (getelementptr    ) [ 000100000000000000000000000]
hist_load         (load             ) [ 000011110000000000000000000]
weight_load       (load             ) [ 000011110000000000000000000]
index_addr_1      (getelementptr    ) [ 000000100000000000000000000]
index1            (load             ) [ 000000011111000000000000000]
weight_addr_1     (getelementptr    ) [ 000000010000000000000000000]
tmp_4             (sext             ) [ 000000000000000000000000000]
hist_addr_1       (getelementptr    ) [ 000000010000000000000000000]
hist0             (fadd             ) [ 000000001111111111111111000]
tmp_2             (icmp             ) [ 000000000000000000000000000]
weight_load_1     (load             ) [ 000000001111000000000000000]
hist_load_1       (load             ) [ 000000000000000000000000000]
hist4_v           (select           ) [ 000000001111000000000000000]
index4            (select           ) [ 000000001111000000000000000]
index_addr_2      (getelementptr    ) [ 000000000010000000000000000]
index2            (load             ) [ 000000000001111111111111000]
weight_addr_2     (getelementptr    ) [ 000000000001000000000000000]
tmp_s             (sext             ) [ 000000000000000000000000000]
hist_addr_2       (getelementptr    ) [ 000000000001000000000000000]
hist1             (fadd             ) [ 000000000000111111111111000]
tmp_6             (icmp             ) [ 000000000000000000000000000]
weight_load_2     (load             ) [ 000000000000111100000000000]
tmp_8             (icmp             ) [ 000000000000000000000000000]
hist_load_2       (load             ) [ 000000000000000000000000000]
index1_1_ph       (select           ) [ 000000000000111111111111000]
sel_tmp           (xor              ) [ 000000000000000000000000000]
sel_tmp3          (and              ) [ 000000000000000000000000000]
sel_tmp4          (select           ) [ 000000000000000000000000000]
index0_3_ph       (select           ) [ 000000000000111111111111000]
sel_tmp53_v       (select           ) [ 000000000000000000000000000]
hist1_2_ph_v      (select           ) [ 000000000000111100000000000]
hist2             (fadd             ) [ 000000000000000011111111000]
StgValue_81       (specbitsmap      ) [ 000000000000000000000000000]
StgValue_82       (specbitsmap      ) [ 000000000000000000000000000]
StgValue_83       (specbitsmap      ) [ 000000000000000000000000000]
StgValue_84       (spectopmodule    ) [ 000000000000000000000000000]
StgValue_85       (br               ) [ 000000000000000011111111000]
i                 (phi              ) [ 000000000000000001000000000]
exitcond          (icmp             ) [ 000000000000000001111111000]
tmp_3             (zext             ) [ 000000000000000000000000000]
index_addr_3      (getelementptr    ) [ 000000000000000000100000000]
weight_addr_3     (getelementptr    ) [ 000000000000000000100000000]
i_1               (add              ) [ 000000000000000011111111000]
index3            (load             ) [ 000000000000000011111111000]
weight3           (load             ) [ 000000000000000001111111000]
tmp_13            (sext             ) [ 000000000000000000000000000]
hist_addr_5       (getelementptr    ) [ 000000000000000000010000000]
hist0_1           (phi              ) [ 000000000000111111111111110]
index5            (phi              ) [ 000000000000000000011000111]
index1_1          (phi              ) [ 000000000000000001111000110]
index0_3          (phi              ) [ 000000000000000001111000100]
hist1_1           (phi              ) [ 000000000000000011111111111]
tmp_5             (icmp             ) [ 000000000000000000000000000]
tmp_9             (icmp             ) [ 000000000000000000000000000]
tmp_11            (icmp             ) [ 000000000000000000000000000]
hist_load_3       (load             ) [ 000000000000000000000000000]
sel_tmp1          (xor              ) [ 000000000000000000000000000]
sel_tmp2          (and              ) [ 000000000000000000000000000]
sel_tmp6_demorgan (or               ) [ 000000000000000000000000000]
sel_tmp6          (xor              ) [ 000000000000000000000000000]
sel_tmp7          (and              ) [ 000000000000000000001000000]
or_cond           (or               ) [ 000000000000000000000000000]
newSel            (select           ) [ 000000000000000000000000000]
index1_2          (select           ) [ 000000000000000011111111000]
sel_tmp5          (select           ) [ 000000000000000000000000000]
index0_1          (select           ) [ 000000000000000011111111000]
sel_tmp8          (select           ) [ 000000000000000000000000000]
sel_tmp9          (select           ) [ 000000000000000000001000000]
hist5             (phi              ) [ 000000000000000000001000100]
StgValue_121      (br               ) [ 000000000000000000000000000]
index0_6          (select           ) [ 000000000000000000000000000]
hist2_2_pn        (select           ) [ 000000000000000001110111000]
tmp_15            (icmp             ) [ 000000000000000001111111000]
StgValue_126      (br               ) [ 000000000000000000000000000]
tmp_17            (sext             ) [ 000000000000000000000000000]
hist_addr_7       (getelementptr    ) [ 000000000000000000000000000]
StgValue_129      (store            ) [ 000000000000000000000000000]
StgValue_130      (br               ) [ 000000000000000000000000000]
empty             (speclooptripcount) [ 000000000000000000000000000]
tmp_18            (specregionbegin  ) [ 000000000000000000000000000]
StgValue_135      (specpipeline     ) [ 000000000000000000000000000]
hist3             (fadd             ) [ 000000000000000011111111000]
empty_2           (specregionend    ) [ 000000000000000000000000000]
StgValue_138      (br               ) [ 000000000000000011111111000]
tmp_1             (icmp             ) [ 000000000000000000000000100]
StgValue_140      (br               ) [ 000000000000000000000000000]
tmp_7             (sext             ) [ 000000000000000000000000000]
hist_addr_3       (getelementptr    ) [ 000000000000000000000000000]
StgValue_143      (store            ) [ 000000000000000000000000000]
StgValue_144      (br               ) [ 000000000000000000000000000]
tmp_10            (icmp             ) [ 000000000000000000000000010]
StgValue_146      (br               ) [ 000000000000000000000000000]
tmp_12            (sext             ) [ 000000000000000000000000000]
hist_addr_4       (getelementptr    ) [ 000000000000000000000000000]
StgValue_149      (store            ) [ 000000000000000000000000000]
StgValue_150      (br               ) [ 000000000000000000000000000]
tmp_14            (icmp             ) [ 000000000000000000000000001]
StgValue_152      (br               ) [ 000000000000000000000000000]
tmp_16            (sext             ) [ 000000000000000000000000000]
hist_addr_6       (getelementptr    ) [ 000000000000000000000000000]
StgValue_155      (store            ) [ 000000000000000000000000000]
StgValue_156      (br               ) [ 000000000000000000000000000]
StgValue_157      (ret              ) [ 000000000000000000000000000]
</LifeTime>

<model>

<comp_list>
<comp id="0" class="1000" name="hist">
<pin_list>
<pin id="1" dir="1" index="0" bw="1" slack="0"/>
</pin_list>
<bind>
<StgValue><ssdm name="hist"/><MemPortTyVec>2 3 </MemPortTyVec>
</StgValue>
</bind>
</comp>

<comp id="2" class="1000" name="weight">
<pin_list>
<pin id="3" dir="1" index="0" bw="1" slack="0"/>
</pin_list>
<bind>
<StgValue><ssdm name="weight"/><MemPortTyVec>1 3 </MemPortTyVec>
</StgValue>
</bind>
</comp>

<comp id="4" class="1000" name="index">
<pin_list>
<pin id="5" dir="1" index="0" bw="1" slack="0"/>
</pin_list>
<bind>
<StgValue><ssdm name="index"/><MemPortTyVec>1 3 </MemPortTyVec>
</StgValue>
</bind>
</comp>

<comp id="6" class="1001" name="const_6">
<pin_list>
<pin id="7" dir="1" index="0" bw="1" slack="0"/>
</pin_list>
<bind>
<StgValue><ssdm name=""/></StgValue>
</bind>
</comp>

<comp id="8" class="1001" name="const_8">
<pin_list>
<pin id="9" dir="1" index="0" bw="1" slack="0"/>
</pin_list>
<bind>
<StgValue><ssdm name=""/></StgValue>
</bind>
</comp>

<comp id="10" class="1001" name="const_10">
<pin_list>
<pin id="11" dir="1" index="0" bw="1" slack="0"/>
</pin_list>
<bind>
<StgValue><ssdm name=""/></StgValue>
</bind>
</comp>

<comp id="12" class="1001" name="const_12">
<pin_list>
<pin id="13" dir="1" index="0" bw="1" slack="0"/>
</pin_list>
<bind>
<StgValue><ssdm name=""/></StgValue>
</bind>
</comp>

<comp id="14" class="1001" name="const_14">
<pin_list>
<pin id="15" dir="1" index="0" bw="1" slack="0"/>
</pin_list>
<bind>
<StgValue><ssdm name=""/></StgValue>
</bind>
</comp>

<comp id="16" class="1001" name="const_16">
<pin_list>
<pin id="17" dir="1" index="0" bw="1" slack="2147483647"/>
</pin_list>
<bind>
<StgValue><ssdm name="_ssdm_op_SpecBitsMap"/></StgValue>
</bind>
</comp>

<comp id="18" class="1001" name="const_18">
<pin_list>
<pin id="19" dir="1" index="0" bw="1" slack="2147483647"/>
</pin_list>
<bind>
<StgValue><ssdm name="_ssdm_op_SpecTopModule"/></StgValue>
</bind>
</comp>

<comp id="20" class="1001" name="const_20">
<pin_list>
<pin id="21" dir="1" index="0" bw="1" slack="2147483647"/>
</pin_list>
<bind>
<StgValue><ssdm name="kernel3_str"/></StgValue>
</bind>
</comp>

<comp id="22" class="1001" name="const_22">
<pin_list>
<pin id="23" dir="1" index="0" bw="1" slack="1"/>
</pin_list>
<bind>
<StgValue><ssdm name=""/></StgValue>
</bind>
</comp>

<comp id="24" class="1001" name="const_24">
<pin_list>
<pin id="25" dir="1" index="0" bw="1" slack="0"/>
</pin_list>
<bind>
<StgValue><ssdm name=""/></StgValue>
</bind>
</comp>

<comp id="26" class="1001" name="const_26">
<pin_list>
<pin id="27" dir="1" index="0" bw="1" slack="0"/>
</pin_list>
<bind>
<StgValue><ssdm name=""/></StgValue>
</bind>
</comp>

<comp id="28" class="1001" name="const_28">
<pin_list>
<pin id="29" dir="1" index="0" bw="1" slack="2147483647"/>
</pin_list>
<bind>
<StgValue><ssdm name="_ssdm_op_SpecLoopTripCount"/></StgValue>
</bind>
</comp>

<comp id="30" class="1001" name="const_30">
<pin_list>
<pin id="31" dir="1" index="0" bw="1" slack="2147483647"/>
</pin_list>
<bind>
<StgValue><ssdm name=""/></StgValue>
</bind>
</comp>

<comp id="32" class="1001" name="const_32">
<pin_list>
<pin id="33" dir="1" index="0" bw="1" slack="2147483647"/>
</pin_list>
<bind>
<StgValue><ssdm name="_ssdm_op_SpecRegionBegin"/></StgValue>
</bind>
</comp>

<comp id="34" class="1001" name="const_34">
<pin_list>
<pin id="35" dir="1" index="0" bw="1" slack="2147483647"/>
</pin_list>
<bind>
<StgValue><ssdm name="p_str"/></StgValue>
</bind>
</comp>

<comp id="36" class="1001" name="const_36">
<pin_list>
<pin id="37" dir="1" index="0" bw="1" slack="2147483647"/>
</pin_list>
<bind>
<StgValue><ssdm name="_ssdm_op_SpecPipeline"/></StgValue>
</bind>
</comp>

<comp id="38" class="1001" name="const_38">
<pin_list>
<pin id="39" dir="1" index="0" bw="1" slack="2147483647"/>
</pin_list>
<bind>
<StgValue><ssdm name=""/></StgValue>
</bind>
</comp>

<comp id="40" class="1001" name="const_40">
<pin_list>
<pin id="41" dir="1" index="0" bw="1" slack="2147483647"/>
</pin_list>
<bind>
<StgValue><ssdm name=""/></StgValue>
</bind>
</comp>

<comp id="42" class="1001" name="const_42">
<pin_list>
<pin id="43" dir="1" index="0" bw="1" slack="2147483647"/>
</pin_list>
<bind>
<StgValue><ssdm name=""/></StgValue>
</bind>
</comp>

<comp id="44" class="1001" name="const_44">
<pin_list>
<pin id="45" dir="1" index="0" bw="1" slack="2147483647"/>
</pin_list>
<bind>
<StgValue><ssdm name="p_str1"/></StgValue>
</bind>
</comp>

<comp id="46" class="1001" name="const_46">
<pin_list>
<pin id="47" dir="1" index="0" bw="1" slack="2147483647"/>
</pin_list>
<bind>
<StgValue><ssdm name="_ssdm_op_SpecRegionEnd"/></StgValue>
</bind>
</comp>

<comp id="48" class="1004" name="index_addr_gep_fu_48">
<pin_list>
<pin id="49" dir="0" index="0" bw="32" slack="0"/>
<pin id="50" dir="0" index="1" bw="1" slack="0"/>
<pin id="51" dir="0" index="2" bw="1" slack="0"/>
<pin id="52" dir="1" index="3" bw="10" slack="0"/>
</pin_list>
<bind>
<opcode="getelementptr(29) " fcode="getelementptr"/>
<opset="index_addr/1 "/>
</bind>
</comp>

<comp id="56" class="1004" name="grp_access_fu_56">
<pin_list>
<pin id="57" dir="0" index="0" bw="10" slack="0"/>
<pin id="58" dir="0" index="1" bw="32" slack="2147483647"/>
<pin id="59" dir="1" index="2" bw="32" slack="0"/>
</pin_list>
<bind>
<opcode="load(27) " fcode="load"/>
<opset="index0/1 index1/5 index2/9 index3/17 "/>
</bind>
</comp>

<comp id="61" class="1004" name="weight_addr_gep_fu_61">
<pin_list>
<pin id="62" dir="0" index="0" bw="32" slack="0"/>
<pin id="63" dir="0" index="1" bw="1" slack="0"/>
<pin id="64" dir="0" index="2" bw="1" slack="0"/>
<pin id="65" dir="1" index="3" bw="10" slack="0"/>
</pin_list>
<bind>
<opcode="getelementptr(29) " fcode="getelementptr"/>
<opset="weight_addr/2 "/>
</bind>
</comp>

<comp id="69" class="1004" name="hist_addr_gep_fu_69">
<pin_list>
<pin id="70" dir="0" index="0" bw="32" slack="0"/>
<pin id="71" dir="0" index="1" bw="1" slack="0"/>
<pin id="72" dir="0" index="2" bw="32" slack="0"/>
<pin id="73" dir="1" index="3" bw="10" slack="0"/>
</pin_list>
<bind>
<opcode="getelementptr(29) " fcode="getelementptr"/>
<opset="hist_addr/2 "/>
</bind>
</comp>

<comp id="76" class="1004" name="grp_access_fu_76">
<pin_list>
<pin id="77" dir="0" index="0" bw="10" slack="0"/>
<pin id="78" dir="0" index="1" bw="32" slack="0"/>
<pin id="79" dir="1" index="2" bw="32" slack="0"/>
</pin_list>
<bind>
<opcode="load(27) store(28) " fcode="store"/>
<opset="hist_load/2 hist_load_1/6 hist_load_2/10 hist_load_3/18 StgValue_129/20 StgValue_143/24 StgValue_149/25 StgValue_155/26 "/>
</bind>
</comp>

<comp id="81" class="1004" name="grp_access_fu_81">
<pin_list>
<pin id="82" dir="0" index="0" bw="10" slack="0"/>
<pin id="83" dir="0" index="1" bw="32" slack="2147483647"/>
<pin id="84" dir="1" index="2" bw="32" slack="1"/>
</pin_list>
<bind>
<opcode="load(27) " fcode="load"/>
<opset="weight_load/2 weight_load_1/6 weight_load_2/10 weight3/17 "/>
</bind>
</comp>

<comp id="86" class="1004" name="index_addr_1_gep_fu_86">
<pin_list>
<pin id="87" dir="0" index="0" bw="32" slack="0"/>
<pin id="88" dir="0" index="1" bw="1" slack="0"/>
<pin id="89" dir="0" index="2" bw="1" slack="0"/>
<pin id="90" dir="1" index="3" bw="10" slack="0"/>
</pin_list>
<bind>
<opcode="getelementptr(29) " fcode="getelementptr"/>
<opset="index_addr_1/5 "/>
</bind>
</comp>

<comp id="95" class="1004" name="weight_addr_1_gep_fu_95">
<pin_list>
<pin id="96" dir="0" index="0" bw="32" slack="0"/>
<pin id="97" dir="0" index="1" bw="1" slack="0"/>
<pin id="98" dir="0" index="2" bw="1" slack="0"/>
<pin id="99" dir="1" index="3" bw="10" slack="0"/>
</pin_list>
<bind>
<opcode="getelementptr(29) " fcode="getelementptr"/>
<opset="weight_addr_1/6 "/>
</bind>
</comp>

<comp id="104" class="1004" name="hist_addr_1_gep_fu_104">
<pin_list>
<pin id="105" dir="0" index="0" bw="32" slack="0"/>
<pin id="106" dir="0" index="1" bw="1" slack="0"/>
<pin id="107" dir="0" index="2" bw="32" slack="0"/>
<pin id="108" dir="1" index="3" bw="10" slack="0"/>
</pin_list>
<bind>
<opcode="getelementptr(29) " fcode="getelementptr"/>
<opset="hist_addr_1/6 "/>
</bind>
</comp>

<comp id="112" class="1004" name="index_addr_2_gep_fu_112">
<pin_list>
<pin id="113" dir="0" index="0" bw="32" slack="0"/>
<pin id="114" dir="0" index="1" bw="1" slack="0"/>
<pin id="115" dir="0" index="2" bw="3" slack="0"/>
<pin id="116" dir="1" index="3" bw="10" slack="0"/>
</pin_list>
<bind>
<opcode="getelementptr(29) " fcode="getelementptr"/>
<opset="index_addr_2/9 "/>
</bind>
</comp>

<comp id="121" class="1004" name="weight_addr_2_gep_fu_121">
<pin_list>
<pin id="122" dir="0" index="0" bw="32" slack="0"/>
<pin id="123" dir="0" index="1" bw="1" slack="0"/>
<pin id="124" dir="0" index="2" bw="3" slack="0"/>
<pin id="125" dir="1" index="3" bw="10" slack="0"/>
</pin_list>
<bind>
<opcode="getelementptr(29) " fcode="getelementptr"/>
<opset="weight_addr_2/10 "/>
</bind>
</comp>

<comp id="130" class="1004" name="hist_addr_2_gep_fu_130">
<pin_list>
<pin id="131" dir="0" index="0" bw="32" slack="0"/>
<pin id="132" dir="0" index="1" bw="1" slack="0"/>
<pin id="133" dir="0" index="2" bw="32" slack="0"/>
<pin id="134" dir="1" index="3" bw="10" slack="0"/>
</pin_list>
<bind>
<opcode="getelementptr(29) " fcode="getelementptr"/>
<opset="hist_addr_2/10 "/>
</bind>
</comp>

<comp id="138" class="1004" name="index_addr_3_gep_fu_138">
<pin_list>
<pin id="139" dir="0" index="0" bw="32" slack="0"/>
<pin id="140" dir="0" index="1" bw="1" slack="0"/>
<pin id="141" dir="0" index="2" bw="11" slack="0"/>
<pin id="142" dir="1" index="3" bw="10" slack="0"/>
</pin_list>
<bind>
<opcode="getelementptr(29) " fcode="getelementptr"/>
<opset="index_addr_3/17 "/>
</bind>
</comp>

<comp id="146" class="1004" name="weight_addr_3_gep_fu_146">
<pin_list>
<pin id="147" dir="0" index="0" bw="32" slack="0"/>
<pin id="148" dir="0" index="1" bw="1" slack="0"/>
<pin id="149" dir="0" index="2" bw="11" slack="0"/>
<pin id="150" dir="1" index="3" bw="10" slack="0"/>
</pin_list>
<bind>
<opcode="getelementptr(29) " fcode="getelementptr"/>
<opset="weight_addr_3/17 "/>
</bind>
</comp>

<comp id="154" class="1004" name="hist_addr_5_gep_fu_154">
<pin_list>
<pin id="155" dir="0" index="0" bw="32" slack="0"/>
<pin id="156" dir="0" index="1" bw="1" slack="0"/>
<pin id="157" dir="0" index="2" bw="32" slack="0"/>
<pin id="158" dir="1" index="3" bw="10" slack="0"/>
</pin_list>
<bind>
<opcode="getelementptr(29) " fcode="getelementptr"/>
<opset="hist_addr_5/18 "/>
</bind>
</comp>

<comp id="162" class="1004" name="hist_addr_7_gep_fu_162">
<pin_list>
<pin id="163" dir="0" index="0" bw="32" slack="0"/>
<pin id="164" dir="0" index="1" bw="1" slack="0"/>
<pin id="165" dir="0" index="2" bw="32" slack="0"/>
<pin id="166" dir="1" index="3" bw="10" slack="0"/>
</pin_list>
<bind>
<opcode="getelementptr(29) " fcode="getelementptr"/>
<opset="hist_addr_7/20 "/>
</bind>
</comp>

<comp id="170" class="1004" name="hist_addr_3_gep_fu_170">
<pin_list>
<pin id="171" dir="0" index="0" bw="32" slack="0"/>
<pin id="172" dir="0" index="1" bw="1" slack="0"/>
<pin id="173" dir="0" index="2" bw="32" slack="0"/>
<pin id="174" dir="1" index="3" bw="10" slack="0"/>
</pin_list>
<bind>
<opcode="getelementptr(29) " fcode="getelementptr"/>
<opset="hist_addr_3/24 "/>
</bind>
</comp>

<comp id="178" class="1004" name="hist_addr_4_gep_fu_178">
<pin_list>
<pin id="179" dir="0" index="0" bw="32" slack="0"/>
<pin id="180" dir="0" index="1" bw="1" slack="0"/>
<pin id="181" dir="0" index="2" bw="32" slack="0"/>
<pin id="182" dir="1" index="3" bw="10" slack="0"/>
</pin_list>
<bind>
<opcode="getelementptr(29) " fcode="getelementptr"/>
<opset="hist_addr_4/25 "/>
</bind>
</comp>

<comp id="186" class="1004" name="hist_addr_6_gep_fu_186">
<pin_list>
<pin id="187" dir="0" index="0" bw="32" slack="0"/>
<pin id="188" dir="0" index="1" bw="1" slack="0"/>
<pin id="189" dir="0" index="2" bw="32" slack="0"/>
<pin id="190" dir="1" index="3" bw="10" slack="0"/>
</pin_list>
<bind>
<opcode="getelementptr(29) " fcode="getelementptr"/>
<opset="hist_addr_6/26 "/>
</bind>
</comp>

<comp id="194" class="1005" name="i_reg_194">
<pin_list>
<pin id="195" dir="0" index="0" bw="11" slack="1"/>
<pin id="196" dir="1" index="1" bw="11" slack="1"/>
</pin_list>
<bind>
<opset="i (phireg) "/>
</bind>
</comp>

<comp id="198" class="1004" name="i_phi_fu_198">
<pin_list>
<pin id="199" dir="0" index="0" bw="11" slack="0"/>
<pin id="200" dir="0" index="1" bw="0" slack="2147483647"/>
<pin id="201" dir="0" index="2" bw="3" slack="1"/>
<pin id="202" dir="0" index="3" bw="0" slack="2147483647"/>
<pin id="203" dir="1" index="4" bw="11" slack="0"/>
</pin_list>
<bind>
<opcode="phi(47) " fcode="phi"/>
<opset="i/17 "/>
</bind>
</comp>

<comp id="205" class="1005" name="hist0_1_reg_205">
<pin_list>
<pin id="206" dir="0" index="0" bw="32" slack="1"/>
<pin id="207" dir="1" index="1" bw="32" slack="1"/>
</pin_list>
<bind>
<opset="hist0_1 (phireg) "/>
</bind>
</comp>

<comp id="209" class="1004" name="hist0_1_phi_fu_209">
<pin_list>
<pin id="210" dir="0" index="0" bw="32" slack="0"/>
<pin id="211" dir="0" index="1" bw="0" slack="2147483647"/>
<pin id="212" dir="0" index="2" bw="32" slack="8"/>
<pin id="213" dir="0" index="3" bw="0" slack="2147483647"/>
<pin id="214" dir="1" index="4" bw="32" slack="0"/>
</pin_list>
<bind>
<opcode="phi(47) " fcode="phi"/>
<opset="hist0_1/19 "/>
</bind>
</comp>

<comp id="216" class="1005" name="index5_reg_216">
<pin_list>
<pin id="217" dir="0" index="0" bw="32" slack="3"/>
<pin id="218" dir="1" index="1" bw="32" slack="3"/>
</pin_list>
<bind>
<opset="index5 (phireg) "/>
</bind>
</comp>

<comp id="219" class="1004" name="index5_phi_fu_219">
<pin_list>
<pin id="220" dir="0" index="0" bw="32" slack="1"/>
<pin id="221" dir="0" index="1" bw="0" slack="2147483647"/>
<pin id="222" dir="0" index="2" bw="32" slack="9"/>
<pin id="223" dir="0" index="3" bw="0" slack="2147483647"/>
<pin id="224" dir="1" index="4" bw="32" slack="0"/>
</pin_list>
<bind>
<opcode="phi(47) " fcode="phi"/>
<opset="index5/19 "/>
</bind>
</comp>

<comp id="226" class="1005" name="index1_1_reg_226">
<pin_list>
<pin id="227" dir="0" index="0" bw="32" slack="2"/>
<pin id="228" dir="1" index="1" bw="32" slack="2"/>
</pin_list>
<bind>
<opset="index1_1 (phireg) "/>
</bind>
</comp>

<comp id="229" class="1004" name="index1_1_phi_fu_229">
<pin_list>
<pin id="230" dir="0" index="0" bw="32" slack="0"/>
<pin id="231" dir="0" index="1" bw="0" slack="2147483647"/>
<pin id="232" dir="0" index="2" bw="32" slack="8"/>
<pin id="233" dir="0" index="3" bw="0" slack="2147483647"/>
<pin id="234" dir="1" index="4" bw="32" slack="0"/>
</pin_list>
<bind>
<opcode="phi(47) " fcode="phi"/>
<opset="index1_1/19 "/>
</bind>
</comp>

<comp id="236" class="1005" name="index0_3_reg_236">
<pin_list>
<pin id="237" dir="0" index="0" bw="32" slack="1"/>
<pin id="238" dir="1" index="1" bw="32" slack="1"/>
</pin_list>
<bind>
<opset="index0_3 (phireg) "/>
</bind>
</comp>

<comp id="239" class="1004" name="index0_3_phi_fu_239">
<pin_list>
<pin id="240" dir="0" index="0" bw="32" slack="0"/>
<pin id="241" dir="0" index="1" bw="0" slack="2147483647"/>
<pin id="242" dir="0" index="2" bw="32" slack="8"/>
<pin id="243" dir="0" index="3" bw="0" slack="2147483647"/>
<pin id="244" dir="1" index="4" bw="32" slack="0"/>
</pin_list>
<bind>
<opcode="phi(47) " fcode="phi"/>
<opset="index0_3/19 "/>
</bind>
</comp>

<comp id="246" class="1005" name="hist1_1_reg_246">
<pin_list>
<pin id="247" dir="0" index="0" bw="32" slack="0"/>
<pin id="248" dir="1" index="1" bw="32" slack="0"/>
</pin_list>
<bind>
<opset="hist1_1 (phireg) "/>
</bind>
</comp>

<comp id="251" class="1004" name="hist1_1_phi_fu_251">
<pin_list>
<pin id="252" dir="0" index="0" bw="32" slack="1"/>
<pin id="253" dir="0" index="1" bw="0" slack="2147483647"/>
<pin id="254" dir="0" index="2" bw="32" slack="4"/>
<pin id="255" dir="0" index="3" bw="0" slack="2147483647"/>
<pin id="256" dir="1" index="4" bw="32" slack="0"/>
</pin_list>
<bind>
<opcode="phi(47) " fcode="phi"/>
<opset="hist1_1/19 "/>
</bind>
</comp>

<comp id="258" class="1005" name="hist5_reg_258">
<pin_list>
<pin id="259" dir="0" index="0" bw="32" slack="1"/>
<pin id="260" dir="1" index="1" bw="32" slack="1"/>
</pin_list>
<bind>
<opset="hist5 (phireg) "/>
</bind>
</comp>

<comp id="262" class="1004" name="hist5_phi_fu_262">
<pin_list>
<pin id="263" dir="0" index="0" bw="32" slack="1"/>
<pin id="264" dir="0" index="1" bw="0" slack="2147483647"/>
<pin id="265" dir="0" index="2" bw="32" slack="13"/>
<pin id="266" dir="0" index="3" bw="0" slack="2147483647"/>
<pin id="267" dir="1" index="4" bw="32" slack="0"/>
</pin_list>
<bind>
<opcode="phi(47) " fcode="phi"/>
<opset="hist5/20 "/>
</bind>
</comp>

<comp id="271" class="1004" name="grp_fu_271">
<pin_list>
<pin id="272" dir="0" index="0" bw="32" slack="0"/>
<pin id="273" dir="0" index="1" bw="32" slack="1"/>
<pin id="274" dir="1" index="2" bw="32" slack="0"/>
</pin_list>
<bind>
<opcode="fadd(9) " fcode="fadd"/>
<opset="hist0/4 hist1/8 hist2/12 hist3/20 "/>
</bind>
</comp>

<comp id="275" class="1005" name="reg_275">
<pin_list>
<pin id="276" dir="0" index="0" bw="32" slack="1"/>
<pin id="277" dir="1" index="1" bw="32" slack="1"/>
</pin_list>
<bind>
<opset="index0 index2 "/>
</bind>
</comp>

<comp id="280" class="1005" name="reg_280">
<pin_list>
<pin id="281" dir="0" index="0" bw="32" slack="1"/>
<pin id="282" dir="1" index="1" bw="32" slack="1"/>
</pin_list>
<bind>
<opset="weight_load weight_load_1 weight_load_2 weight3 "/>
</bind>
</comp>

<comp id="285" class="1005" name="reg_285">
<pin_list>
<pin id="286" dir="0" index="0" bw="32" slack="1"/>
<pin id="287" dir="1" index="1" bw="32" slack="1"/>
</pin_list>
<bind>
<opset="index1 index3 "/>
</bind>
</comp>

<comp id="290" class="1004" name="tmp_fu_290">
<pin_list>
<pin id="291" dir="0" index="0" bw="32" slack="0"/>
<pin id="292" dir="1" index="1" bw="64" slack="0"/>
</pin_list>
<bind>
<opcode="sext(35) " fcode="sext"/>
<opset="tmp/2 "/>
</bind>
</comp>

<comp id="295" class="1004" name="tmp_4_fu_295">
<pin_list>
<pin id="296" dir="0" index="0" bw="32" slack="0"/>
<pin id="297" dir="1" index="1" bw="64" slack="0"/>
</pin_list>
<bind>
<opcode="sext(35) " fcode="sext"/>
<opset="tmp_4/6 "/>
</bind>
</comp>

<comp id="300" class="1004" name="tmp_2_fu_300">
<pin_list>
<pin id="301" dir="0" index="0" bw="32" slack="1"/>
<pin id="302" dir="0" index="1" bw="32" slack="5"/>
<pin id="303" dir="1" index="2" bw="1" slack="0"/>
</pin_list>
<bind>
<opcode="icmp(45) " fcode="icmp"/>
<opset="tmp_2/7 "/>
</bind>
</comp>

<comp id="306" class="1004" name="hist4_v_fu_306">
<pin_list>
<pin id="307" dir="0" index="0" bw="1" slack="0"/>
<pin id="308" dir="0" index="1" bw="32" slack="0"/>
<pin id="309" dir="0" index="2" bw="32" slack="0"/>
<pin id="310" dir="1" index="3" bw="32" slack="1"/>
</pin_list>
<bind>
<opcode="select(49) " fcode="select"/>
<opset="hist4_v/7 "/>
</bind>
</comp>

<comp id="314" class="1004" name="index4_fu_314">
<pin_list>
<pin id="315" dir="0" index="0" bw="1" slack="0"/>
<pin id="316" dir="0" index="1" bw="1" slack="0"/>
<pin id="317" dir="0" index="2" bw="32" slack="5"/>
<pin id="318" dir="1" index="3" bw="32" slack="4"/>
</pin_list>
<bind>
<opcode="select(49) " fcode="select"/>
<opset="index4/7 "/>
</bind>
</comp>

<comp id="322" class="1004" name="tmp_s_fu_322">
<pin_list>
<pin id="323" dir="0" index="0" bw="32" slack="0"/>
<pin id="324" dir="1" index="1" bw="64" slack="0"/>
</pin_list>
<bind>
<opcode="sext(35) " fcode="sext"/>
<opset="tmp_s/10 "/>
</bind>
</comp>

<comp id="327" class="1004" name="tmp_6_fu_327">
<pin_list>
<pin id="328" dir="0" index="0" bw="32" slack="1"/>
<pin id="329" dir="0" index="1" bw="32" slack="5"/>
<pin id="330" dir="1" index="2" bw="1" slack="0"/>
</pin_list>
<bind>
<opcode="icmp(45) " fcode="icmp"/>
<opset="tmp_6/11 "/>
</bind>
</comp>

<comp id="333" class="1004" name="tmp_8_fu_333">
<pin_list>
<pin id="334" dir="0" index="0" bw="32" slack="1"/>
<pin id="335" dir="0" index="1" bw="32" slack="4"/>
<pin id="336" dir="1" index="2" bw="1" slack="0"/>
</pin_list>
<bind>
<opcode="icmp(45) " fcode="icmp"/>
<opset="tmp_8/11 "/>
</bind>
</comp>

<comp id="338" class="1004" name="index1_1_ph_fu_338">
<pin_list>
<pin id="339" dir="0" index="0" bw="1" slack="0"/>
<pin id="340" dir="0" index="1" bw="1" slack="0"/>
<pin id="341" dir="0" index="2" bw="32" slack="5"/>
<pin id="342" dir="1" index="3" bw="32" slack="8"/>
</pin_list>
<bind>
<opcode="select(49) " fcode="select"/>
<opset="index1_1_ph/11 "/>
</bind>
</comp>

<comp id="346" class="1004" name="sel_tmp_fu_346">
<pin_list>
<pin id="347" dir="0" index="0" bw="1" slack="0"/>
<pin id="348" dir="0" index="1" bw="1" slack="0"/>
<pin id="349" dir="1" index="2" bw="1" slack="0"/>
</pin_list>
<bind>
<opcode="xor(25) " fcode="xor"/>
<opset="sel_tmp/11 "/>
</bind>
</comp>

<comp id="352" class="1004" name="sel_tmp3_fu_352">
<pin_list>
<pin id="353" dir="0" index="0" bw="1" slack="0"/>
<pin id="354" dir="0" index="1" bw="1" slack="0"/>
<pin id="355" dir="1" index="2" bw="1" slack="0"/>
</pin_list>
<bind>
<opcode="and(23) " fcode="and"/>
<opset="sel_tmp3/11 "/>
</bind>
</comp>

<comp id="358" class="1004" name="sel_tmp4_fu_358">
<pin_list>
<pin id="359" dir="0" index="0" bw="1" slack="0"/>
<pin id="360" dir="0" index="1" bw="1" slack="0"/>
<pin id="361" dir="0" index="2" bw="32" slack="4"/>
<pin id="362" dir="1" index="3" bw="32" slack="0"/>
</pin_list>
<bind>
<opcode="select(49) " fcode="select"/>
<opset="sel_tmp4/11 "/>
</bind>
</comp>

<comp id="365" class="1004" name="index0_3_ph_fu_365">
<pin_list>
<pin id="366" dir="0" index="0" bw="1" slack="0"/>
<pin id="367" dir="0" index="1" bw="32" slack="4"/>
<pin id="368" dir="0" index="2" bw="32" slack="0"/>
<pin id="369" dir="1" index="3" bw="32" slack="8"/>
</pin_list>
<bind>
<opcode="select(49) " fcode="select"/>
<opset="index0_3_ph/11 "/>
</bind>
</comp>

<comp id="372" class="1004" name="sel_tmp53_v_fu_372">
<pin_list>
<pin id="373" dir="0" index="0" bw="1" slack="0"/>
<pin id="374" dir="0" index="1" bw="32" slack="4"/>
<pin id="375" dir="0" index="2" bw="32" slack="0"/>
<pin id="376" dir="1" index="3" bw="32" slack="0"/>
</pin_list>
<bind>
<opcode="select(49) " fcode="select"/>
<opset="sel_tmp53_v/11 "/>
</bind>
</comp>

<comp id="379" class="1004" name="hist1_2_ph_v_fu_379">
<pin_list>
<pin id="380" dir="0" index="0" bw="1" slack="0"/>
<pin id="381" dir="0" index="1" bw="32" slack="0"/>
<pin id="382" dir="0" index="2" bw="32" slack="0"/>
<pin id="383" dir="1" index="3" bw="32" slack="1"/>
</pin_list>
<bind>
<opcode="select(49) " fcode="select"/>
<opset="hist1_2_ph_v/11 "/>
</bind>
</comp>

<comp id="387" class="1004" name="exitcond_fu_387">
<pin_list>
<pin id="388" dir="0" index="0" bw="11" slack="0"/>
<pin id="389" dir="0" index="1" bw="11" slack="0"/>
<pin id="390" dir="1" index="2" bw="1" slack="1"/>
</pin_list>
<bind>
<opcode="icmp(45) " fcode="icmp"/>
<opset="exitcond/17 "/>
</bind>
</comp>

<comp id="393" class="1004" name="tmp_3_fu_393">
<pin_list>
<pin id="394" dir="0" index="0" bw="11" slack="0"/>
<pin id="395" dir="1" index="1" bw="64" slack="0"/>
</pin_list>
<bind>
<opcode="zext(34) " fcode="zext"/>
<opset="tmp_3/17 "/>
</bind>
</comp>

<comp id="399" class="1004" name="i_1_fu_399">
<pin_list>
<pin id="400" dir="0" index="0" bw="11" slack="0"/>
<pin id="401" dir="0" index="1" bw="1" slack="0"/>
<pin id="402" dir="1" index="2" bw="11" slack="0"/>
</pin_list>
<bind>
<opcode="add(8) " fcode="add"/>
<opset="i_1/17 "/>
</bind>
</comp>

<comp id="405" class="1004" name="tmp_13_fu_405">
<pin_list>
<pin id="406" dir="0" index="0" bw="32" slack="0"/>
<pin id="407" dir="1" index="1" bw="64" slack="0"/>
</pin_list>
<bind>
<opcode="sext(35) " fcode="sext"/>
<opset="tmp_13/18 "/>
</bind>
</comp>

<comp id="410" class="1004" name="tmp_5_fu_410">
<pin_list>
<pin id="411" dir="0" index="0" bw="32" slack="1"/>
<pin id="412" dir="0" index="1" bw="32" slack="0"/>
<pin id="413" dir="1" index="2" bw="1" slack="0"/>
</pin_list>
<bind>
<opcode="icmp(45) " fcode="icmp"/>
<opset="tmp_5/19 "/>
</bind>
</comp>

<comp id="416" class="1004" name="tmp_9_fu_416">
<pin_list>
<pin id="417" dir="0" index="0" bw="32" slack="1"/>
<pin id="418" dir="0" index="1" bw="32" slack="0"/>
<pin id="419" dir="1" index="2" bw="1" slack="0"/>
</pin_list>
<bind>
<opcode="icmp(45) " fcode="icmp"/>
<opset="tmp_9/19 "/>
</bind>
</comp>

<comp id="422" class="1004" name="tmp_11_fu_422">
<pin_list>
<pin id="423" dir="0" index="0" bw="32" slack="1"/>
<pin id="424" dir="0" index="1" bw="32" slack="0"/>
<pin id="425" dir="1" index="2" bw="1" slack="0"/>
</pin_list>
<bind>
<opcode="icmp(45) " fcode="icmp"/>
<opset="tmp_11/19 "/>
</bind>
</comp>

<comp id="428" class="1004" name="sel_tmp1_fu_428">
<pin_list>
<pin id="429" dir="0" index="0" bw="1" slack="0"/>
<pin id="430" dir="0" index="1" bw="1" slack="0"/>
<pin id="431" dir="1" index="2" bw="1" slack="0"/>
</pin_list>
<bind>
<opcode="xor(25) " fcode="xor"/>
<opset="sel_tmp1/19 "/>
</bind>
</comp>

<comp id="434" class="1004" name="sel_tmp2_fu_434">
<pin_list>
<pin id="435" dir="0" index="0" bw="1" slack="0"/>
<pin id="436" dir="0" index="1" bw="1" slack="0"/>
<pin id="437" dir="1" index="2" bw="1" slack="0"/>
</pin_list>
<bind>
<opcode="and(23) " fcode="and"/>
<opset="sel_tmp2/19 "/>
</bind>
</comp>

<comp id="440" class="1004" name="sel_tmp6_demorgan_fu_440">
<pin_list>
<pin id="441" dir="0" index="0" bw="1" slack="0"/>
<pin id="442" dir="0" index="1" bw="1" slack="0"/>
<pin id="443" dir="1" index="2" bw="1" slack="0"/>
</pin_list>
<bind>
<opcode="or(24) " fcode="or"/>
<opset="sel_tmp6_demorgan/19 "/>
</bind>
</comp>

<comp id="446" class="1004" name="sel_tmp6_fu_446">
<pin_list>
<pin id="447" dir="0" index="0" bw="1" slack="0"/>
<pin id="448" dir="0" index="1" bw="1" slack="0"/>
<pin id="449" dir="1" index="2" bw="1" slack="0"/>
</pin_list>
<bind>
<opcode="xor(25) " fcode="xor"/>
<opset="sel_tmp6/19 "/>
</bind>
</comp>

<comp id="452" class="1004" name="sel_tmp7_fu_452">
<pin_list>
<pin id="453" dir="0" index="0" bw="1" slack="0"/>
<pin id="454" dir="0" index="1" bw="1" slack="0"/>
<pin id="455" dir="1" index="2" bw="1" slack="0"/>
</pin_list>
<bind>
<opcode="and(23) " fcode="and"/>
<opset="sel_tmp7/19 "/>
</bind>
</comp>

<comp id="458" class="1004" name="or_cond_fu_458">
<pin_list>
<pin id="459" dir="0" index="0" bw="1" slack="0"/>
<pin id="460" dir="0" index="1" bw="1" slack="0"/>
<pin id="461" dir="1" index="2" bw="1" slack="0"/>
</pin_list>
<bind>
<opcode="or(24) " fcode="or"/>
<opset="or_cond/19 "/>
</bind>
</comp>

<comp id="464" class="1004" name="newSel_fu_464">
<pin_list>
<pin id="465" dir="0" index="0" bw="1" slack="0"/>
<pin id="466" dir="0" index="1" bw="1" slack="0"/>
<pin id="467" dir="0" index="2" bw="32" slack="0"/>
<pin id="468" dir="1" index="3" bw="32" slack="0"/>
</pin_list>
<bind>
<opcode="select(49) " fcode="select"/>
<opset="newSel/19 "/>
</bind>
</comp>

<comp id="472" class="1004" name="index1_2_fu_472">
<pin_list>
<pin id="473" dir="0" index="0" bw="1" slack="0"/>
<pin id="474" dir="0" index="1" bw="32" slack="0"/>
<pin id="475" dir="0" index="2" bw="32" slack="0"/>
<pin id="476" dir="1" index="3" bw="32" slack="0"/>
</pin_list>
<bind>
<opcode="select(49) " fcode="select"/>
<opset="index1_2/19 "/>
</bind>
</comp>

<comp id="480" class="1004" name="sel_tmp5_fu_480">
<pin_list>
<pin id="481" dir="0" index="0" bw="1" slack="0"/>
<pin id="482" dir="0" index="1" bw="1" slack="0"/>
<pin id="483" dir="0" index="2" bw="32" slack="0"/>
<pin id="484" dir="1" index="3" bw="32" slack="0"/>
</pin_list>
<bind>
<opcode="select(49) " fcode="select"/>
<opset="sel_tmp5/19 "/>
</bind>
</comp>

<comp id="488" class="1004" name="index0_1_fu_488">
<pin_list>
<pin id="489" dir="0" index="0" bw="1" slack="0"/>
<pin id="490" dir="0" index="1" bw="32" slack="0"/>
<pin id="491" dir="0" index="2" bw="32" slack="0"/>
<pin id="492" dir="1" index="3" bw="32" slack="0"/>
</pin_list>
<bind>
<opcode="select(49) " fcode="select"/>
<opset="index0_1/19 "/>
</bind>
</comp>

<comp id="496" class="1004" name="sel_tmp8_fu_496">
<pin_list>
<pin id="497" dir="0" index="0" bw="1" slack="0"/>
<pin id="498" dir="0" index="1" bw="32" slack="0"/>
<pin id="499" dir="0" index="2" bw="32" slack="0"/>
<pin id="500" dir="1" index="3" bw="32" slack="0"/>
</pin_list>
<bind>
<opcode="select(49) " fcode="select"/>
<opset="sel_tmp8/19 "/>
</bind>
</comp>

<comp id="504" class="1004" name="sel_tmp9_fu_504">
<pin_list>
<pin id="505" dir="0" index="0" bw="1" slack="0"/>
<pin id="506" dir="0" index="1" bw="32" slack="0"/>
<pin id="507" dir="0" index="2" bw="32" slack="0"/>
<pin id="508" dir="1" index="3" bw="32" slack="1"/>
</pin_list>
<bind>
<opcode="select(49) " fcode="select"/>
<opset="sel_tmp9/19 "/>
</bind>
</comp>

<comp id="512" class="1004" name="index0_6_fu_512">
<pin_list>
<pin id="513" dir="0" index="0" bw="1" slack="1"/>
<pin id="514" dir="0" index="1" bw="1" slack="0"/>
<pin id="515" dir="0" index="2" bw="32" slack="1"/>
<pin id="516" dir="1" index="3" bw="32" slack="0"/>
</pin_list>
<bind>
<opcode="select(49) " fcode="select"/>
<opset="index0_6/20 "/>
</bind>
</comp>

<comp id="519" class="1004" name="hist2_2_pn_fu_519">
<pin_list>
<pin id="520" dir="0" index="0" bw="1" slack="1"/>
<pin id="521" dir="0" index="1" bw="32" slack="0"/>
<pin id="522" dir="0" index="2" bw="32" slack="1"/>
<pin id="523" dir="1" index="3" bw="32" slack="0"/>
</pin_list>
<bind>
<opcode="select(49) " fcode="select"/>
<opset="hist2_2_pn/20 "/>
</bind>
</comp>

<comp id="526" class="1004" name="tmp_15_fu_526">
<pin_list>
<pin id="527" dir="0" index="0" bw="32" slack="0"/>
<pin id="528" dir="0" index="1" bw="1" slack="0"/>
<pin id="529" dir="1" index="2" bw="1" slack="2147483647"/>
</pin_list>
<bind>
<opcode="icmp(45) " fcode="icmp"/>
<opset="tmp_15/20 "/>
</bind>
</comp>

<comp id="532" class="1004" name="tmp_17_fu_532">
<pin_list>
<pin id="533" dir="0" index="0" bw="32" slack="0"/>
<pin id="534" dir="1" index="1" bw="64" slack="0"/>
</pin_list>
<bind>
<opcode="sext(35) " fcode="sext"/>
<opset="tmp_17/20 "/>
</bind>
</comp>

<comp id="537" class="1004" name="tmp_1_fu_537">
<pin_list>
<pin id="538" dir="0" index="0" bw="32" slack="2"/>
<pin id="539" dir="0" index="1" bw="1" slack="0"/>
<pin id="540" dir="1" index="2" bw="1" slack="2147483647"/>
</pin_list>
<bind>
<opcode="icmp(45) " fcode="icmp"/>
<opset="tmp_1/24 "/>
</bind>
</comp>

<comp id="543" class="1004" name="tmp_7_fu_543">
<pin_list>
<pin id="544" dir="0" index="0" bw="32" slack="2"/>
<pin id="545" dir="1" index="1" bw="64" slack="0"/>
</pin_list>
<bind>
<opcode="sext(35) " fcode="sext"/>
<opset="tmp_7/24 "/>
</bind>
</comp>

<comp id="548" class="1004" name="tmp_10_fu_548">
<pin_list>
<pin id="549" dir="0" index="0" bw="32" slack="2"/>
<pin id="550" dir="0" index="1" bw="1" slack="0"/>
<pin id="551" dir="1" index="2" bw="1" slack="1"/>
</pin_list>
<bind>
<opcode="icmp(45) " fcode="icmp"/>
<opset="tmp_10/24 "/>
</bind>
</comp>

<comp id="554" class="1004" name="tmp_12_fu_554">
<pin_list>
<pin id="555" dir="0" index="0" bw="32" slack="3"/>
<pin id="556" dir="1" index="1" bw="64" slack="0"/>
</pin_list>
<bind>
<opcode="sext(35) " fcode="sext"/>
<opset="tmp_12/25 "/>
</bind>
</comp>

<comp id="559" class="1004" name="tmp_14_fu_559">
<pin_list>
<pin id="560" dir="0" index="0" bw="32" slack="3"/>
<pin id="561" dir="0" index="1" bw="1" slack="0"/>
<pin id="562" dir="1" index="2" bw="1" slack="1"/>
</pin_list>
<bind>
<opcode="icmp(45) " fcode="icmp"/>
<opset="tmp_14/25 "/>
</bind>
</comp>

<comp id="565" class="1004" name="tmp_16_fu_565">
<pin_list>
<pin id="566" dir="0" index="0" bw="32" slack="4"/>
<pin id="567" dir="1" index="1" bw="64" slack="0"/>
</pin_list>
<bind>
<opcode="sext(35) " fcode="sext"/>
<opset="tmp_16/26 "/>
</bind>
</comp>

<comp id="570" class="1005" name="index_addr_reg_570">
<pin_list>
<pin id="571" dir="0" index="0" bw="10" slack="1"/>
<pin id="572" dir="1" index="1" bw="10" slack="1"/>
</pin_list>
<bind>
<opset="index_addr "/>
</bind>
</comp>

<comp id="575" class="1005" name="weight_addr_reg_575">
<pin_list>
<pin id="576" dir="0" index="0" bw="10" slack="1"/>
<pin id="577" dir="1" index="1" bw="10" slack="1"/>
</pin_list>
<bind>
<opset="weight_addr "/>
</bind>
</comp>

<comp id="580" class="1005" name="hist_addr_reg_580">
<pin_list>
<pin id="581" dir="0" index="0" bw="10" slack="1"/>
<pin id="582" dir="1" index="1" bw="10" slack="1"/>
</pin_list>
<bind>
<opset="hist_addr "/>
</bind>
</comp>

<comp id="585" class="1005" name="hist_load_reg_585">
<pin_list>
<pin id="586" dir="0" index="0" bw="32" slack="1"/>
<pin id="587" dir="1" index="1" bw="32" slack="1"/>
</pin_list>
<bind>
<opset="hist_load "/>
</bind>
</comp>

<comp id="590" class="1005" name="index_addr_1_reg_590">
<pin_list>
<pin id="591" dir="0" index="0" bw="10" slack="1"/>
<pin id="592" dir="1" index="1" bw="10" slack="1"/>
</pin_list>
<bind>
<opset="index_addr_1 "/>
</bind>
</comp>

<comp id="595" class="1005" name="weight_addr_1_reg_595">
<pin_list>
<pin id="596" dir="0" index="0" bw="10" slack="1"/>
<pin id="597" dir="1" index="1" bw="10" slack="1"/>
</pin_list>
<bind>
<opset="weight_addr_1 "/>
</bind>
</comp>

<comp id="600" class="1005" name="hist_addr_1_reg_600">
<pin_list>
<pin id="601" dir="0" index="0" bw="10" slack="1"/>
<pin id="602" dir="1" index="1" bw="10" slack="1"/>
</pin_list>
<bind>
<opset="hist_addr_1 "/>
</bind>
</comp>

<comp id="605" class="1005" name="hist0_reg_605">
<pin_list>
<pin id="606" dir="0" index="0" bw="32" slack="4"/>
<pin id="607" dir="1" index="1" bw="32" slack="4"/>
</pin_list>
<bind>
<opset="hist0 "/>
</bind>
</comp>

<comp id="611" class="1005" name="hist4_v_reg_611">
<pin_list>
<pin id="612" dir="0" index="0" bw="32" slack="1"/>
<pin id="613" dir="1" index="1" bw="32" slack="1"/>
</pin_list>
<bind>
<opset="hist4_v "/>
</bind>
</comp>

<comp id="616" class="1005" name="index4_reg_616">
<pin_list>
<pin id="617" dir="0" index="0" bw="32" slack="4"/>
<pin id="618" dir="1" index="1" bw="32" slack="4"/>
</pin_list>
<bind>
<opset="index4 "/>
</bind>
</comp>

<comp id="623" class="1005" name="index_addr_2_reg_623">
<pin_list>
<pin id="624" dir="0" index="0" bw="10" slack="1"/>
<pin id="625" dir="1" index="1" bw="10" slack="1"/>
</pin_list>
<bind>
<opset="index_addr_2 "/>
</bind>
</comp>

<comp id="628" class="1005" name="weight_addr_2_reg_628">
<pin_list>
<pin id="629" dir="0" index="0" bw="10" slack="1"/>
<pin id="630" dir="1" index="1" bw="10" slack="1"/>
</pin_list>
<bind>
<opset="weight_addr_2 "/>
</bind>
</comp>

<comp id="633" class="1005" name="hist_addr_2_reg_633">
<pin_list>
<pin id="634" dir="0" index="0" bw="10" slack="1"/>
<pin id="635" dir="1" index="1" bw="10" slack="1"/>
</pin_list>
<bind>
<opset="hist_addr_2 "/>
</bind>
</comp>

<comp id="638" class="1005" name="hist1_reg_638">
<pin_list>
<pin id="639" dir="0" index="0" bw="32" slack="8"/>
<pin id="640" dir="1" index="1" bw="32" slack="8"/>
</pin_list>
<bind>
<opset="hist1 "/>
</bind>
</comp>

<comp id="643" class="1005" name="index1_1_ph_reg_643">
<pin_list>
<pin id="644" dir="0" index="0" bw="32" slack="8"/>
<pin id="645" dir="1" index="1" bw="32" slack="8"/>
</pin_list>
<bind>
<opset="index1_1_ph "/>
</bind>
</comp>

<comp id="648" class="1005" name="index0_3_ph_reg_648">
<pin_list>
<pin id="649" dir="0" index="0" bw="32" slack="8"/>
<pin id="650" dir="1" index="1" bw="32" slack="8"/>
</pin_list>
<bind>
<opset="index0_3_ph "/>
</bind>
</comp>

<comp id="653" class="1005" name="hist1_2_ph_v_reg_653">
<pin_list>
<pin id="654" dir="0" index="0" bw="32" slack="1"/>
<pin id="655" dir="1" index="1" bw="32" slack="1"/>
</pin_list>
<bind>
<opset="hist1_2_ph_v "/>
</bind>
</comp>

<comp id="658" class="1005" name="hist2_reg_658">
<pin_list>
<pin id="659" dir="0" index="0" bw="32" slack="4"/>
<pin id="660" dir="1" index="1" bw="32" slack="4"/>
</pin_list>
<bind>
<opset="hist2 "/>
</bind>
</comp>

<comp id="663" class="1005" name="exitcond_reg_663">
<pin_list>
<pin id="664" dir="0" index="0" bw="1" slack="1"/>
<pin id="665" dir="1" index="1" bw="1" slack="2147483647"/>
</pin_list>
<bind>
<opset="exitcond "/>
</bind>
</comp>

<comp id="667" class="1005" name="index_addr_3_reg_667">
<pin_list>
<pin id="668" dir="0" index="0" bw="10" slack="1"/>
<pin id="669" dir="1" index="1" bw="10" slack="1"/>
</pin_list>
<bind>
<opset="index_addr_3 "/>
</bind>
</comp>

<comp id="672" class="1005" name="weight_addr_3_reg_672">
<pin_list>
<pin id="673" dir="0" index="0" bw="10" slack="1"/>
<pin id="674" dir="1" index="1" bw="10" slack="1"/>
</pin_list>
<bind>
<opset="weight_addr_3 "/>
</bind>
</comp>

<comp id="677" class="1005" name="i_1_reg_677">
<pin_list>
<pin id="678" dir="0" index="0" bw="11" slack="0"/>
<pin id="679" dir="1" index="1" bw="11" slack="0"/>
</pin_list>
<bind>
<opset="i_1 "/>
</bind>
</comp>

<comp id="682" class="1005" name="hist_addr_5_reg_682">
<pin_list>
<pin id="683" dir="0" index="0" bw="10" slack="1"/>
<pin id="684" dir="1" index="1" bw="10" slack="1"/>
</pin_list>
<bind>
<opset="hist_addr_5 "/>
</bind>
</comp>

<comp id="687" class="1005" name="sel_tmp7_reg_687">
<pin_list>
<pin id="688" dir="0" index="0" bw="1" slack="1"/>
<pin id="689" dir="1" index="1" bw="1" slack="1"/>
</pin_list>
<bind>
<opset="sel_tmp7 "/>
</bind>
</comp>

<comp id="693" class="1005" name="index1_2_reg_693">
<pin_list>
<pin id="694" dir="0" index="0" bw="32" slack="0"/>
<pin id="695" dir="1" index="1" bw="32" slack="0"/>
</pin_list>
<bind>
<opset="index1_2 "/>
</bind>
</comp>

<comp id="698" class="1005" name="index0_1_reg_698">
<pin_list>
<pin id="699" dir="0" index="0" bw="32" slack="0"/>
<pin id="700" dir="1" index="1" bw="32" slack="0"/>
</pin_list>
<bind>
<opset="index0_1 "/>
</bind>
</comp>

<comp id="703" class="1005" name="sel_tmp9_reg_703">
<pin_list>
<pin id="704" dir="0" index="0" bw="32" slack="1"/>
<pin id="705" dir="1" index="1" bw="32" slack="1"/>
</pin_list>
<bind>
<opset="sel_tmp9 "/>
</bind>
</comp>

<comp id="708" class="1005" name="hist2_2_pn_reg_708">
<pin_list>
<pin id="709" dir="0" index="0" bw="32" slack="1"/>
<pin id="710" dir="1" index="1" bw="32" slack="1"/>
</pin_list>
<bind>
<opset="hist2_2_pn "/>
</bind>
</comp>

<comp id="716" class="1005" name="hist3_reg_716">
<pin_list>
<pin id="717" dir="0" index="0" bw="32" slack="1"/>
<pin id="718" dir="1" index="1" bw="32" slack="1"/>
</pin_list>
<bind>
<opset="hist3 "/>
</bind>
</comp>

<comp id="724" class="1005" name="tmp_10_reg_724">
<pin_list>
<pin id="725" dir="0" index="0" bw="1" slack="1"/>
<pin id="726" dir="1" index="1" bw="1" slack="2147483647"/>
</pin_list>
<bind>
<opset="tmp_10 "/>
</bind>
</comp>

<comp id="728" class="1005" name="tmp_14_reg_728">
<pin_list>
<pin id="729" dir="0" index="0" bw="1" slack="1"/>
<pin id="730" dir="1" index="1" bw="1" slack="2147483647"/>
</pin_list>
<bind>
<opset="tmp_14 "/>
</bind>
</comp>

</comp_list>

<net_list>
<net id="53"><net_src comp="4" pin="0"/><net_sink comp="48" pin=0"/></net>

<net id="54"><net_src comp="6" pin="0"/><net_sink comp="48" pin=1"/></net>

<net id="55"><net_src comp="6" pin="0"/><net_sink comp="48" pin=2"/></net>

<net id="60"><net_src comp="48" pin="3"/><net_sink comp="56" pin=0"/></net>

<net id="66"><net_src comp="2" pin="0"/><net_sink comp="61" pin=0"/></net>

<net id="67"><net_src comp="6" pin="0"/><net_sink comp="61" pin=1"/></net>

<net id="68"><net_src comp="6" pin="0"/><net_sink comp="61" pin=2"/></net>

<net id="74"><net_src comp="0" pin="0"/><net_sink comp="69" pin=0"/></net>

<net id="75"><net_src comp="6" pin="0"/><net_sink comp="69" pin=1"/></net>

<net id="80"><net_src comp="69" pin="3"/><net_sink comp="76" pin=0"/></net>

<net id="85"><net_src comp="61" pin="3"/><net_sink comp="81" pin=0"/></net>

<net id="91"><net_src comp="4" pin="0"/><net_sink comp="86" pin=0"/></net>

<net id="92"><net_src comp="6" pin="0"/><net_sink comp="86" pin=1"/></net>

<net id="93"><net_src comp="8" pin="0"/><net_sink comp="86" pin=2"/></net>

<net id="94"><net_src comp="86" pin="3"/><net_sink comp="56" pin=0"/></net>

<net id="100"><net_src comp="2" pin="0"/><net_sink comp="95" pin=0"/></net>

<net id="101"><net_src comp="6" pin="0"/><net_sink comp="95" pin=1"/></net>

<net id="102"><net_src comp="8" pin="0"/><net_sink comp="95" pin=2"/></net>

<net id="103"><net_src comp="95" pin="3"/><net_sink comp="81" pin=0"/></net>

<net id="109"><net_src comp="0" pin="0"/><net_sink comp="104" pin=0"/></net>

<net id="110"><net_src comp="6" pin="0"/><net_sink comp="104" pin=1"/></net>

<net id="111"><net_src comp="104" pin="3"/><net_sink comp="76" pin=0"/></net>

<net id="117"><net_src comp="4" pin="0"/><net_sink comp="112" pin=0"/></net>

<net id="118"><net_src comp="6" pin="0"/><net_sink comp="112" pin=1"/></net>

<net id="119"><net_src comp="12" pin="0"/><net_sink comp="112" pin=2"/></net>

<net id="120"><net_src comp="112" pin="3"/><net_sink comp="56" pin=0"/></net>

<net id="126"><net_src comp="2" pin="0"/><net_sink comp="121" pin=0"/></net>

<net id="127"><net_src comp="6" pin="0"/><net_sink comp="121" pin=1"/></net>

<net id="128"><net_src comp="12" pin="0"/><net_sink comp="121" pin=2"/></net>

<net id="129"><net_src comp="121" pin="3"/><net_sink comp="81" pin=0"/></net>

<net id="135"><net_src comp="0" pin="0"/><net_sink comp="130" pin=0"/></net>

<net id="136"><net_src comp="6" pin="0"/><net_sink comp="130" pin=1"/></net>

<net id="137"><net_src comp="130" pin="3"/><net_sink comp="76" pin=0"/></net>

<net id="143"><net_src comp="4" pin="0"/><net_sink comp="138" pin=0"/></net>

<net id="144"><net_src comp="6" pin="0"/><net_sink comp="138" pin=1"/></net>

<net id="145"><net_src comp="138" pin="3"/><net_sink comp="56" pin=0"/></net>

<net id="151"><net_src comp="2" pin="0"/><net_sink comp="146" pin=0"/></net>

<net id="152"><net_src comp="6" pin="0"/><net_sink comp="146" pin=1"/></net>

<net id="153"><net_src comp="146" pin="3"/><net_sink comp="81" pin=0"/></net>

<net id="159"><net_src comp="0" pin="0"/><net_sink comp="154" pin=0"/></net>

<net id="160"><net_src comp="6" pin="0"/><net_sink comp="154" pin=1"/></net>

<net id="161"><net_src comp="154" pin="3"/><net_sink comp="76" pin=0"/></net>

<net id="167"><net_src comp="0" pin="0"/><net_sink comp="162" pin=0"/></net>

<net id="168"><net_src comp="6" pin="0"/><net_sink comp="162" pin=1"/></net>

<net id="169"><net_src comp="162" pin="3"/><net_sink comp="76" pin=0"/></net>

<net id="175"><net_src comp="0" pin="0"/><net_sink comp="170" pin=0"/></net>

<net id="176"><net_src comp="6" pin="0"/><net_sink comp="170" pin=1"/></net>

<net id="177"><net_src comp="170" pin="3"/><net_sink comp="76" pin=0"/></net>

<net id="183"><net_src comp="0" pin="0"/><net_sink comp="178" pin=0"/></net>

<net id="184"><net_src comp="6" pin="0"/><net_sink comp="178" pin=1"/></net>

<net id="185"><net_src comp="178" pin="3"/><net_sink comp="76" pin=0"/></net>

<net id="191"><net_src comp="0" pin="0"/><net_sink comp="186" pin=0"/></net>

<net id="192"><net_src comp="6" pin="0"/><net_sink comp="186" pin=1"/></net>

<net id="193"><net_src comp="186" pin="3"/><net_sink comp="76" pin=0"/></net>

<net id="197"><net_src comp="22" pin="0"/><net_sink comp="194" pin=0"/></net>

<net id="204"><net_src comp="194" pin="1"/><net_sink comp="198" pin=2"/></net>

<net id="208"><net_src comp="205" pin="1"/><net_sink comp="76" pin=1"/></net>

<net id="215"><net_src comp="209" pin="4"/><net_sink comp="205" pin=0"/></net>

<net id="225"><net_src comp="219" pin="4"/><net_sink comp="216" pin=0"/></net>

<net id="235"><net_src comp="229" pin="4"/><net_sink comp="226" pin=0"/></net>

<net id="245"><net_src comp="239" pin="4"/><net_sink comp="236" pin=0"/></net>

<net id="249"><net_src comp="246" pin="1"/><net_sink comp="209" pin=0"/></net>

<net id="250"><net_src comp="246" pin="1"/><net_sink comp="76" pin=1"/></net>

<net id="257"><net_src comp="251" pin="4"/><net_sink comp="246" pin=0"/></net>

<net id="261"><net_src comp="258" pin="1"/><net_sink comp="76" pin=1"/></net>

<net id="268"><net_src comp="205" pin="1"/><net_sink comp="262" pin=0"/></net>

<net id="269"><net_src comp="262" pin="4"/><net_sink comp="76" pin=1"/></net>

<net id="270"><net_src comp="262" pin="4"/><net_sink comp="258" pin=0"/></net>

<net id="278"><net_src comp="56" pin="2"/><net_sink comp="275" pin=0"/></net>

<net id="279"><net_src comp="275" pin="1"/><net_sink comp="219" pin=2"/></net>

<net id="283"><net_src comp="81" pin="2"/><net_sink comp="280" pin=0"/></net>

<net id="284"><net_src comp="280" pin="1"/><net_sink comp="271" pin=1"/></net>

<net id="288"><net_src comp="56" pin="2"/><net_sink comp="285" pin=0"/></net>

<net id="289"><net_src comp="285" pin="1"/><net_sink comp="219" pin=0"/></net>

<net id="293"><net_src comp="56" pin="2"/><net_sink comp="290" pin=0"/></net>

<net id="294"><net_src comp="290" pin="1"/><net_sink comp="69" pin=2"/></net>

<net id="298"><net_src comp="56" pin="2"/><net_sink comp="295" pin=0"/></net>

<net id="299"><net_src comp="295" pin="1"/><net_sink comp="104" pin=2"/></net>

<net id="304"><net_src comp="285" pin="1"/><net_sink comp="300" pin=0"/></net>

<net id="305"><net_src comp="275" pin="1"/><net_sink comp="300" pin=1"/></net>

<net id="311"><net_src comp="300" pin="2"/><net_sink comp="306" pin=0"/></net>

<net id="312"><net_src comp="271" pin="2"/><net_sink comp="306" pin=1"/></net>

<net id="313"><net_src comp="76" pin="2"/><net_sink comp="306" pin=2"/></net>

<net id="319"><net_src comp="300" pin="2"/><net_sink comp="314" pin=0"/></net>

<net id="320"><net_src comp="10" pin="0"/><net_sink comp="314" pin=1"/></net>

<net id="321"><net_src comp="275" pin="1"/><net_sink comp="314" pin=2"/></net>

<net id="325"><net_src comp="56" pin="2"/><net_sink comp="322" pin=0"/></net>

<net id="326"><net_src comp="322" pin="1"/><net_sink comp="130" pin=2"/></net>

<net id="331"><net_src comp="275" pin="1"/><net_sink comp="327" pin=0"/></net>

<net id="332"><net_src comp="285" pin="1"/><net_sink comp="327" pin=1"/></net>

<net id="337"><net_src comp="275" pin="1"/><net_sink comp="333" pin=0"/></net>

<net id="343"><net_src comp="327" pin="2"/><net_sink comp="338" pin=0"/></net>

<net id="344"><net_src comp="10" pin="0"/><net_sink comp="338" pin=1"/></net>

<net id="345"><net_src comp="285" pin="1"/><net_sink comp="338" pin=2"/></net>

<net id="350"><net_src comp="327" pin="2"/><net_sink comp="346" pin=0"/></net>

<net id="351"><net_src comp="14" pin="0"/><net_sink comp="346" pin=1"/></net>

<net id="356"><net_src comp="333" pin="2"/><net_sink comp="352" pin=0"/></net>

<net id="357"><net_src comp="346" pin="2"/><net_sink comp="352" pin=1"/></net>

<net id="363"><net_src comp="352" pin="2"/><net_sink comp="358" pin=0"/></net>

<net id="364"><net_src comp="10" pin="0"/><net_sink comp="358" pin=1"/></net>

<net id="370"><net_src comp="327" pin="2"/><net_sink comp="365" pin=0"/></net>

<net id="371"><net_src comp="358" pin="3"/><net_sink comp="365" pin=2"/></net>

<net id="377"><net_src comp="352" pin="2"/><net_sink comp="372" pin=0"/></net>

<net id="378"><net_src comp="76" pin="2"/><net_sink comp="372" pin=2"/></net>

<net id="384"><net_src comp="327" pin="2"/><net_sink comp="379" pin=0"/></net>

<net id="385"><net_src comp="271" pin="2"/><net_sink comp="379" pin=1"/></net>

<net id="386"><net_src comp="372" pin="3"/><net_sink comp="379" pin=2"/></net>

<net id="391"><net_src comp="198" pin="4"/><net_sink comp="387" pin=0"/></net>

<net id="392"><net_src comp="24" pin="0"/><net_sink comp="387" pin=1"/></net>

<net id="396"><net_src comp="198" pin="4"/><net_sink comp="393" pin=0"/></net>

<net id="397"><net_src comp="393" pin="1"/><net_sink comp="138" pin=2"/></net>

<net id="398"><net_src comp="393" pin="1"/><net_sink comp="146" pin=2"/></net>

<net id="403"><net_src comp="198" pin="4"/><net_sink comp="399" pin=0"/></net>

<net id="404"><net_src comp="26" pin="0"/><net_sink comp="399" pin=1"/></net>

<net id="408"><net_src comp="56" pin="2"/><net_sink comp="405" pin=0"/></net>

<net id="409"><net_src comp="405" pin="1"/><net_sink comp="154" pin=2"/></net>

<net id="414"><net_src comp="285" pin="1"/><net_sink comp="410" pin=0"/></net>

<net id="415"><net_src comp="219" pin="4"/><net_sink comp="410" pin=1"/></net>

<net id="420"><net_src comp="285" pin="1"/><net_sink comp="416" pin=0"/></net>

<net id="421"><net_src comp="229" pin="4"/><net_sink comp="416" pin=1"/></net>

<net id="426"><net_src comp="285" pin="1"/><net_sink comp="422" pin=0"/></net>

<net id="427"><net_src comp="239" pin="4"/><net_sink comp="422" pin=1"/></net>

<net id="432"><net_src comp="410" pin="2"/><net_sink comp="428" pin=0"/></net>

<net id="433"><net_src comp="14" pin="0"/><net_sink comp="428" pin=1"/></net>

<net id="438"><net_src comp="416" pin="2"/><net_sink comp="434" pin=0"/></net>

<net id="439"><net_src comp="428" pin="2"/><net_sink comp="434" pin=1"/></net>

<net id="444"><net_src comp="410" pin="2"/><net_sink comp="440" pin=0"/></net>

<net id="445"><net_src comp="416" pin="2"/><net_sink comp="440" pin=1"/></net>

<net id="450"><net_src comp="440" pin="2"/><net_sink comp="446" pin=0"/></net>

<net id="451"><net_src comp="14" pin="0"/><net_sink comp="446" pin=1"/></net>

<net id="456"><net_src comp="422" pin="2"/><net_sink comp="452" pin=0"/></net>

<net id="457"><net_src comp="446" pin="2"/><net_sink comp="452" pin=1"/></net>

<net id="462"><net_src comp="452" pin="2"/><net_sink comp="458" pin=0"/></net>

<net id="463"><net_src comp="434" pin="2"/><net_sink comp="458" pin=1"/></net>

<net id="469"><net_src comp="410" pin="2"/><net_sink comp="464" pin=0"/></net>

<net id="470"><net_src comp="10" pin="0"/><net_sink comp="464" pin=1"/></net>

<net id="471"><net_src comp="219" pin="4"/><net_sink comp="464" pin=2"/></net>

<net id="477"><net_src comp="458" pin="2"/><net_sink comp="472" pin=0"/></net>

<net id="478"><net_src comp="219" pin="4"/><net_sink comp="472" pin=1"/></net>

<net id="479"><net_src comp="464" pin="3"/><net_sink comp="472" pin=2"/></net>

<net id="485"><net_src comp="434" pin="2"/><net_sink comp="480" pin=0"/></net>

<net id="486"><net_src comp="10" pin="0"/><net_sink comp="480" pin=1"/></net>

<net id="487"><net_src comp="229" pin="4"/><net_sink comp="480" pin=2"/></net>

<net id="493"><net_src comp="452" pin="2"/><net_sink comp="488" pin=0"/></net>

<net id="494"><net_src comp="229" pin="4"/><net_sink comp="488" pin=1"/></net>

<net id="495"><net_src comp="480" pin="3"/><net_sink comp="488" pin=2"/></net>

<net id="501"><net_src comp="410" pin="2"/><net_sink comp="496" pin=0"/></net>

<net id="502"><net_src comp="251" pin="4"/><net_sink comp="496" pin=1"/></net>

<net id="503"><net_src comp="76" pin="2"/><net_sink comp="496" pin=2"/></net>

<net id="509"><net_src comp="434" pin="2"/><net_sink comp="504" pin=0"/></net>

<net id="510"><net_src comp="209" pin="4"/><net_sink comp="504" pin=1"/></net>

<net id="511"><net_src comp="496" pin="3"/><net_sink comp="504" pin=2"/></net>

<net id="517"><net_src comp="10" pin="0"/><net_sink comp="512" pin=1"/></net>

<net id="518"><net_src comp="236" pin="1"/><net_sink comp="512" pin=2"/></net>

<net id="524"><net_src comp="262" pin="4"/><net_sink comp="519" pin=1"/></net>

<net id="525"><net_src comp="519" pin="3"/><net_sink comp="271" pin=0"/></net>

<net id="530"><net_src comp="512" pin="3"/><net_sink comp="526" pin=0"/></net>

<net id="531"><net_src comp="10" pin="0"/><net_sink comp="526" pin=1"/></net>

<net id="535"><net_src comp="512" pin="3"/><net_sink comp="532" pin=0"/></net>

<net id="536"><net_src comp="532" pin="1"/><net_sink comp="162" pin=2"/></net>

<net id="541"><net_src comp="236" pin="1"/><net_sink comp="537" pin=0"/></net>

<net id="542"><net_src comp="10" pin="0"/><net_sink comp="537" pin=1"/></net>

<net id="546"><net_src comp="236" pin="1"/><net_sink comp="543" pin=0"/></net>

<net id="547"><net_src comp="543" pin="1"/><net_sink comp="170" pin=2"/></net>

<net id="552"><net_src comp="226" pin="1"/><net_sink comp="548" pin=0"/></net>

<net id="553"><net_src comp="10" pin="0"/><net_sink comp="548" pin=1"/></net>

<net id="557"><net_src comp="226" pin="1"/><net_sink comp="554" pin=0"/></net>

<net id="558"><net_src comp="554" pin="1"/><net_sink comp="178" pin=2"/></net>

<net id="563"><net_src comp="216" pin="1"/><net_sink comp="559" pin=0"/></net>

<net id="564"><net_src comp="10" pin="0"/><net_sink comp="559" pin=1"/></net>

<net id="568"><net_src comp="216" pin="1"/><net_sink comp="565" pin=0"/></net>

<net id="569"><net_src comp="565" pin="1"/><net_sink comp="186" pin=2"/></net>

<net id="573"><net_src comp="48" pin="3"/><net_sink comp="570" pin=0"/></net>

<net id="574"><net_src comp="570" pin="1"/><net_sink comp="56" pin=0"/></net>

<net id="578"><net_src comp="61" pin="3"/><net_sink comp="575" pin=0"/></net>

<net id="579"><net_src comp="575" pin="1"/><net_sink comp="81" pin=0"/></net>

<net id="583"><net_src comp="69" pin="3"/><net_sink comp="580" pin=0"/></net>

<net id="584"><net_src comp="580" pin="1"/><net_sink comp="76" pin=0"/></net>

<net id="588"><net_src comp="76" pin="2"/><net_sink comp="585" pin=0"/></net>

<net id="589"><net_src comp="585" pin="1"/><net_sink comp="271" pin=0"/></net>

<net id="593"><net_src comp="86" pin="3"/><net_sink comp="590" pin=0"/></net>

<net id="594"><net_src comp="590" pin="1"/><net_sink comp="56" pin=0"/></net>

<net id="598"><net_src comp="95" pin="3"/><net_sink comp="595" pin=0"/></net>

<net id="599"><net_src comp="595" pin="1"/><net_sink comp="81" pin=0"/></net>

<net id="603"><net_src comp="104" pin="3"/><net_sink comp="600" pin=0"/></net>

<net id="604"><net_src comp="600" pin="1"/><net_sink comp="76" pin=0"/></net>

<net id="608"><net_src comp="271" pin="2"/><net_sink comp="605" pin=0"/></net>

<net id="609"><net_src comp="605" pin="1"/><net_sink comp="372" pin=1"/></net>

<net id="610"><net_src comp="605" pin="1"/><net_sink comp="262" pin=2"/></net>

<net id="614"><net_src comp="306" pin="3"/><net_sink comp="611" pin=0"/></net>

<net id="615"><net_src comp="611" pin="1"/><net_sink comp="271" pin=0"/></net>

<net id="619"><net_src comp="314" pin="3"/><net_sink comp="616" pin=0"/></net>

<net id="620"><net_src comp="616" pin="1"/><net_sink comp="333" pin=1"/></net>

<net id="621"><net_src comp="616" pin="1"/><net_sink comp="358" pin=2"/></net>

<net id="622"><net_src comp="616" pin="1"/><net_sink comp="365" pin=1"/></net>

<net id="626"><net_src comp="112" pin="3"/><net_sink comp="623" pin=0"/></net>

<net id="627"><net_src comp="623" pin="1"/><net_sink comp="56" pin=0"/></net>

<net id="631"><net_src comp="121" pin="3"/><net_sink comp="628" pin=0"/></net>

<net id="632"><net_src comp="628" pin="1"/><net_sink comp="81" pin=0"/></net>

<net id="636"><net_src comp="130" pin="3"/><net_sink comp="633" pin=0"/></net>

<net id="637"><net_src comp="633" pin="1"/><net_sink comp="76" pin=0"/></net>

<net id="641"><net_src comp="271" pin="2"/><net_sink comp="638" pin=0"/></net>

<net id="642"><net_src comp="638" pin="1"/><net_sink comp="209" pin=2"/></net>

<net id="646"><net_src comp="338" pin="3"/><net_sink comp="643" pin=0"/></net>

<net id="647"><net_src comp="643" pin="1"/><net_sink comp="229" pin=2"/></net>

<net id="651"><net_src comp="365" pin="3"/><net_sink comp="648" pin=0"/></net>

<net id="652"><net_src comp="648" pin="1"/><net_sink comp="239" pin=2"/></net>

<net id="656"><net_src comp="379" pin="3"/><net_sink comp="653" pin=0"/></net>

<net id="657"><net_src comp="653" pin="1"/><net_sink comp="271" pin=0"/></net>

<net id="661"><net_src comp="271" pin="2"/><net_sink comp="658" pin=0"/></net>

<net id="662"><net_src comp="658" pin="1"/><net_sink comp="251" pin=2"/></net>

<net id="666"><net_src comp="387" pin="2"/><net_sink comp="663" pin=0"/></net>

<net id="670"><net_src comp="138" pin="3"/><net_sink comp="667" pin=0"/></net>

<net id="671"><net_src comp="667" pin="1"/><net_sink comp="56" pin=0"/></net>

<net id="675"><net_src comp="146" pin="3"/><net_sink comp="672" pin=0"/></net>

<net id="676"><net_src comp="672" pin="1"/><net_sink comp="81" pin=0"/></net>

<net id="680"><net_src comp="399" pin="2"/><net_sink comp="677" pin=0"/></net>

<net id="681"><net_src comp="677" pin="1"/><net_sink comp="198" pin=0"/></net>

<net id="685"><net_src comp="154" pin="3"/><net_sink comp="682" pin=0"/></net>

<net id="686"><net_src comp="682" pin="1"/><net_sink comp="76" pin=0"/></net>

<net id="690"><net_src comp="452" pin="2"/><net_sink comp="687" pin=0"/></net>

<net id="691"><net_src comp="687" pin="1"/><net_sink comp="512" pin=0"/></net>

<net id="692"><net_src comp="687" pin="1"/><net_sink comp="519" pin=0"/></net>

<net id="696"><net_src comp="472" pin="3"/><net_sink comp="693" pin=0"/></net>

<net id="697"><net_src comp="693" pin="1"/><net_sink comp="229" pin=0"/></net>

<net id="701"><net_src comp="488" pin="3"/><net_sink comp="698" pin=0"/></net>

<net id="702"><net_src comp="698" pin="1"/><net_sink comp="239" pin=0"/></net>

<net id="706"><net_src comp="504" pin="3"/><net_sink comp="703" pin=0"/></net>

<net id="707"><net_src comp="703" pin="1"/><net_sink comp="519" pin=2"/></net>

<net id="711"><net_src comp="519" pin="3"/><net_sink comp="708" pin=0"/></net>

<net id="712"><net_src comp="708" pin="1"/><net_sink comp="271" pin=0"/></net>

<net id="719"><net_src comp="271" pin="2"/><net_sink comp="716" pin=0"/></net>

<net id="720"><net_src comp="716" pin="1"/><net_sink comp="251" pin=0"/></net>

<net id="727"><net_src comp="548" pin="2"/><net_sink comp="724" pin=0"/></net>

<net id="731"><net_src comp="559" pin="2"/><net_sink comp="728" pin=0"/></net>

</net_list>

</model> 
---------------- Datapath Model END ------------------

* FSMD analyzer results:
  - Output states:
	Port: hist | {20 24 25 26 }
 - Input state : 
	Port: kernel3 : hist | {2 3 6 7 10 11 18 19 }
	Port: kernel3 : weight | {2 3 6 7 10 11 17 18 }
	Port: kernel3 : index | {1 2 5 6 9 10 17 18 }
  - Chain level:
	State 1
		index0 : 1
	State 2
		tmp : 1
		hist_addr : 2
		hist_load : 3
		weight_load : 1
	State 3
	State 4
	State 5
		index1 : 1
	State 6
		weight_load_1 : 1
		tmp_4 : 1
		hist_addr_1 : 2
		hist_load_1 : 3
	State 7
		hist4_v : 1
		index4 : 1
	State 8
	State 9
		index2 : 1
	State 10
		weight_load_2 : 1
		tmp_s : 1
		hist_addr_2 : 2
		hist_load_2 : 3
	State 11
		index1_1_ph : 1
		sel_tmp : 1
		sel_tmp3 : 1
		sel_tmp4 : 1
		index0_3_ph : 2
		sel_tmp53_v : 1
		hist1_2_ph_v : 2
	State 12
	State 13
	State 14
	State 15
	State 16
	State 17
		exitcond : 1
		tmp_3 : 1
		index_addr_3 : 2
		index3 : 3
		weight_addr_3 : 2
		weight3 : 3
		i_1 : 1
	State 18
		tmp_13 : 1
		hist_addr_5 : 2
		hist_load_3 : 3
	State 19
		tmp_5 : 1
		tmp_9 : 1
		tmp_11 : 1
		sel_tmp1 : 2
		sel_tmp2 : 2
		sel_tmp6_demorgan : 2
		sel_tmp6 : 2
		sel_tmp7 : 2
		or_cond : 2
		newSel : 2
		index1_2 : 2
		sel_tmp5 : 2
		index0_1 : 2
		sel_tmp8 : 2
		sel_tmp9 : 2
	State 20
		hist2_2_pn : 1
		hist3 : 2
		tmp_15 : 1
		StgValue_126 : 2
		tmp_17 : 1
		hist_addr_7 : 2
		StgValue_129 : 3
	State 21
	State 22
	State 23
		empty_2 : 1
	State 24
		StgValue_140 : 1
		hist_addr_3 : 1
		StgValue_143 : 2
		StgValue_146 : 1
	State 25
		hist_addr_4 : 1
		StgValue_149 : 2
		StgValue_152 : 1
	State 26
		hist_addr_6 : 1
		StgValue_155 : 2


============================================================
+ Verbose Summary: Datapath Resource usage 
============================================================

* Functional unit list:
|----------|--------------------------|---------|---------|---------|
| Operation|      Functional Unit     |  DSP48E |    FF   |   LUT   |
|----------|--------------------------|---------|---------|---------|
|          |      hist4_v_fu_306      |    0    |    0    |    32   |
|          |       index4_fu_314      |    0    |    0    |    32   |
|          |    index1_1_ph_fu_338    |    0    |    0    |    32   |
|          |      sel_tmp4_fu_358     |    0    |    0    |    32   |
|          |    index0_3_ph_fu_365    |    0    |    0    |    32   |
|          |    sel_tmp53_v_fu_372    |    0    |    0    |    32   |
|          |    hist1_2_ph_v_fu_379   |    0    |    0    |    32   |
|  select  |       newSel_fu_464      |    0    |    0    |    32   |
|          |      index1_2_fu_472     |    0    |    0    |    32   |
|          |      sel_tmp5_fu_480     |    0    |    0    |    32   |
|          |      index0_1_fu_488     |    0    |    0    |    32   |
|          |      sel_tmp8_fu_496     |    0    |    0    |    32   |
|          |      sel_tmp9_fu_504     |    0    |    0    |    32   |
|          |      index0_6_fu_512     |    0    |    0    |    32   |
|          |     hist2_2_pn_fu_519    |    0    |    0    |    32   |
|----------|--------------------------|---------|---------|---------|
|   fadd   |        grp_fu_271        |    2    |   227   |   214   |
|----------|--------------------------|---------|---------|---------|
|          |       tmp_2_fu_300       |    0    |    0    |    11   |
|          |       tmp_6_fu_327       |    0    |    0    |    11   |
|          |       tmp_8_fu_333       |    0    |    0    |    11   |
|          |      exitcond_fu_387     |    0    |    0    |    4    |
|          |       tmp_5_fu_410       |    0    |    0    |    11   |
|   icmp   |       tmp_9_fu_416       |    0    |    0    |    11   |
|          |       tmp_11_fu_422      |    0    |    0    |    11   |
|          |       tmp_15_fu_526      |    0    |    0    |    11   |
|          |       tmp_1_fu_537       |    0    |    0    |    11   |
|          |       tmp_10_fu_548      |    0    |    0    |    11   |
|          |       tmp_14_fu_559      |    0    |    0    |    11   |
|----------|--------------------------|---------|---------|---------|
|    add   |        i_1_fu_399        |    0    |    0    |    11   |
|----------|--------------------------|---------|---------|---------|
|          |      sel_tmp_fu_346      |    0    |    0    |    1    |
|    xor   |      sel_tmp1_fu_428     |    0    |    0    |    1    |
|          |      sel_tmp6_fu_446     |    0    |    0    |    1    |
|----------|--------------------------|---------|---------|---------|
|          |      sel_tmp3_fu_352     |    0    |    0    |    1    |
|    and   |      sel_tmp2_fu_434     |    0    |    0    |    1    |
|          |      sel_tmp7_fu_452     |    0    |    0    |    1    |
|----------|--------------------------|---------|---------|---------|
|    or    | sel_tmp6_demorgan_fu_440 |    0    |    0    |    1    |
|          |      or_cond_fu_458      |    0    |    0    |    1    |
|----------|--------------------------|---------|---------|---------|
|          |        tmp_fu_290        |    0    |    0    |    0    |
|          |       tmp_4_fu_295       |    0    |    0    |    0    |
|          |       tmp_s_fu_322       |    0    |    0    |    0    |
|   sext   |       tmp_13_fu_405      |    0    |    0    |    0    |
|          |       tmp_17_fu_532      |    0    |    0    |    0    |
|          |       tmp_7_fu_543       |    0    |    0    |    0    |
|          |       tmp_12_fu_554      |    0    |    0    |    0    |
|          |       tmp_16_fu_565      |    0    |    0    |    0    |
|----------|--------------------------|---------|---------|---------|
|   zext   |       tmp_3_fu_393       |    0    |    0    |    0    |
|----------|--------------------------|---------|---------|---------|
|   Total  |                          |    2    |   227   |   827   |
|----------|--------------------------|---------|---------|---------|

Memories:
N/A

* Register list:
+---------------------+--------+
|                     |   FF   |
+---------------------+--------+
|   exitcond_reg_663  |    1   |
|   hist0_1_reg_205   |   32   |
|    hist0_reg_605    |   32   |
|   hist1_1_reg_246   |   32   |
| hist1_2_ph_v_reg_653|   32   |
|    hist1_reg_638    |   32   |
|  hist2_2_pn_reg_708 |   32   |
|    hist2_reg_658    |   32   |
|    hist3_reg_716    |   32   |
|   hist4_v_reg_611   |   32   |
|    hist5_reg_258    |   32   |
| hist_addr_1_reg_600 |   10   |
| hist_addr_2_reg_633 |   10   |
| hist_addr_5_reg_682 |   10   |
|  hist_addr_reg_580  |   10   |
|  hist_load_reg_585  |   32   |
|     i_1_reg_677     |   11   |
|      i_reg_194      |   11   |
|   index0_1_reg_698  |   32   |
| index0_3_ph_reg_648 |   32   |
|   index0_3_reg_236  |   32   |
| index1_1_ph_reg_643 |   32   |
|   index1_1_reg_226  |   32   |
|   index1_2_reg_693  |   32   |
|    index4_reg_616   |   32   |
|    index5_reg_216   |   32   |
| index_addr_1_reg_590|   10   |
| index_addr_2_reg_623|   10   |
| index_addr_3_reg_667|   10   |
|  index_addr_reg_570 |   10   |
|       reg_275       |   32   |
|       reg_280       |   32   |
|       reg_285       |   32   |
|   sel_tmp7_reg_687  |    1   |
|   sel_tmp9_reg_703  |   32   |
|    tmp_10_reg_724   |    1   |
|    tmp_14_reg_728   |    1   |
|weight_addr_1_reg_595|   10   |
|weight_addr_2_reg_628|   10   |
|weight_addr_3_reg_672|   10   |
| weight_addr_reg_575 |   10   |
+---------------------+--------+
|        Total        |   882  |
+---------------------+--------+

* Multiplexer (MUX) list: 
|------------------|------|------|------|--------||---------||---------|
|       Comp       |  Pin | Size |  BW  | S x BW ||  Delay  ||   LUT   |
|------------------|------|------|------|--------||---------||---------|
| grp_access_fu_56 |  p0  |   8  |  10  |   80   ||    20   |
| grp_access_fu_76 |  p0  |  12  |  10  |   120  ||    30   |
| grp_access_fu_76 |  p1  |   4  |  32  |   128  ||    32   |
| grp_access_fu_81 |  p0  |   8  |  10  |   80   ||    20   |
|    grp_fu_271    |  p0  |   5  |  32  |   160  ||    32   |
|------------------|------|------|------|--------||---------||---------|
|       Total      |      |      |      |   568  ||  6.453  ||   134   |
|------------------|------|------|------|--------||---------||---------|



* Summary:
+-----------+--------+--------+--------+--------+
|           | DSP48E |  Delay |   FF   |   LUT  |
+-----------+--------+--------+--------+--------+
|  Function |    2   |    -   |   227  |   827  |
|   Memory  |    -   |    -   |    -   |    -   |
|Multiplexer|    -   |    6   |    -   |   134  |
|  Register |    -   |    -   |   882  |    -   |
+-----------+--------+--------+--------+--------+
|   Total   |    2   |    6   |  1109  |   961  |
+-----------+--------+--------+--------+--------+
