==============================================================
File generated by Vivado(TM) HLS - High-Level Synthesis from C, C++ and SystemC
Version: 2016.4
Copyright (C) 1986-2017 Xilinx, Inc. All Rights Reserved.

==============================================================

@I [SYN-201] Setting up clock 'default' with a period of 10ns.
@I [HLS-10] Setting target device to 'xc7k160tfbg484-1'
@I [HLS-10] Analyzing design file 'kernel2.cpp' ... 
@I [HLS-10] Validating synthesis directives ...
@I [HLS-111] Finished Checking Pragmas Time (s): cpu = 00:00:01 ; elapsed = 00:00:02 . Memory (MB): peak = 325.164 ; gain = 12.586 ; free physical = 105 ; free virtual = 254
@I [HLS-111] Finished Linking Time (s): cpu = 00:00:01 ; elapsed = 00:00:03 . Memory (MB): peak = 325.164 ; gain = 12.586 ; free physical = 103 ; free virtual = 254
@I [HLS-10] Starting code transformations ...
@I [HLS-111] Finished Standard Transforms Time (s): cpu = 00:00:01 ; elapsed = 00:00:03 . Memory (MB): peak = 325.164 ; gain = 12.586 ; free physical = 96 ; free virtual = 253
@I [HLS-10] Checking synthesizability ...
@I [HLS-111] Finished Checking Synthesizability Time (s): cpu = 00:00:01 ; elapsed = 00:00:03 . Memory (MB): peak = 325.164 ; gain = 12.586 ; free physical = 96 ; free virtual = 253
@I [HLS-111] Finished Pre-synthesis Time (s): cpu = 00:00:01 ; elapsed = 00:00:03 . Memory (MB): peak = 453.160 ; gain = 140.582 ; free physical = 75 ; free virtual = 233
@I [HLS-111] Finished Architecture Synthesis Time (s): cpu = 00:00:01 ; elapsed = 00:00:03 . Memory (MB): peak = 453.160 ; gain = 140.582 ; free physical = 75 ; free virtual = 233
@I [HLS-10] Starting hardware synthesis ...
@I [HLS-10] Synthesizing 'kernel2' ...
@W [SYN-107] Renaming port name 'kernel2/array' to 'kernel2/array_r' to avoid the conflict with HDL keywords or other object names.
@I [HLS-10] ----------------------------------------------------------------
@I [HLS-10] -- Implementing module 'kernel2' 
@I [HLS-10] ----------------------------------------------------------------
@I [SCHED-11] Starting scheduling ...
@I [SCHED-61] Pipelining loop 'Loop 1'.
@W [SCHED-68] Unable to enforce a carried dependence constraint (II = 1, distance = 1, offset = 0)
   between 'add' operation ('result', kernel2.cpp:14) and 'mul' operation ('tmp', kernel2.cpp:14).
@W [SCHED-68] Unable to enforce a carried dependence constraint (II = 2, distance = 1, offset = 0)
   between 'add' operation ('result', kernel2.cpp:14) and 'mul' operation ('tmp', kernel2.cpp:14).
@W [SCHED-68] Unable to enforce a carried dependence constraint (II = 3, distance = 1, offset = 0)
   between 'add' operation ('result', kernel2.cpp:14) and 'mul' operation ('tmp', kernel2.cpp:14).
@W [SCHED-68] Unable to enforce a carried dependence constraint (II = 4, distance = 1, offset = 0)
   between 'add' operation ('result', kernel2.cpp:14) and 'mul' operation ('tmp', kernel2.cpp:14).
@I [SCHED-61] Pipelining result: Target II: 1, Final II: 5, Depth: 7.
@I [SCHED-11] Finished scheduling.
@I [HLS-111]  Elapsed time: 3.3 seconds; current allocated memory: 55.751 MB.
@I [BIND-100] Starting micro-architecture generation ...
@I [BIND-101] Performing variable lifetime analysis.
@I [BIND-101] Exploring resource sharing.
@I [BIND-101] Binding ...
@I [BIND-100] Finished micro-architecture generation.
@I [HLS-111]  Elapsed time: 0.02 seconds; current allocated memory: 55.942 MB.
@I [HLS-10] ----------------------------------------------------------------
@I [HLS-10] -- Generating RTL for module 'kernel2' 
@I [HLS-10] ----------------------------------------------------------------
@I [RTGEN-500] Setting interface mode on port 'kernel2/array_r' to 'ap_memory'.
@I [RTGEN-500] Setting interface mode on function 'kernel2' to 'ap_ctrl_hs'.
@I [SYN-210] Renamed object name 'kernel2_mul_32s_32s_32_6' to 'kernel2_mul_32s_3bkb' due to the length limit 20
@I [RTGEN-100] Generating core module 'kernel2_mul_32s_3bkb': 1 instance(s).
@I [RTGEN-100] Finished creating RTL model for 'kernel2'.
@I [HLS-111]  Elapsed time: 0.09 seconds; current allocated memory: 56.229 MB.
@I [RTMG-282] Generating pipelined core: 'kernel2_mul_32s_3bkb_MulnS_0'
@I [HLS-111] Finished generating all RTL models Time (s): cpu = 00:00:02 ; elapsed = 00:00:04 . Memory (MB): peak = 453.160 ; gain = 140.582 ; free physical = 66 ; free virtual = 233
@I [SYSC-301] Generating SystemC RTL for kernel2.
@I [VHDL-304] Generating VHDL RTL for kernel2.
@I [VLOG-307] Generating Verilog RTL for kernel2.
@I [HLS-112] Total elapsed time: 3.62 seconds; peak allocated memory: 56.229 MB.
