

================================================================
== Vivado HLS Report for 'kernel3'
================================================================
* Date:           Sun May 22 23:07:49 2022

* Version:        2016.4 (Build 1756540 on Mon Jan 23 19:31:01 MST 2017)
* Project:        prj_kernel3
* Solution:       solution1
* Product family: kintex7
* Target device:  xc7k160tfbg484-1


================================================================
== Performance Estimates
================================================================
+ Timing (ns): 
    * Summary: 
    +--------+-------+----------+------------+
    |  Clock | Target| Estimated| Uncertainty|
    +--------+-------+----------+------------+
    |ap_clk  |  10.00|      8.56|        1.25|
    +--------+-------+----------+------------+

+ Latency (clock cycles): 
    * Summary: 
    +------+------+------+------+---------+
    |   Latency   |   Interval  | Pipeline|
    |  min |  max |  min |  max |   Type  |
    +------+------+------+------+---------+
    |  4106|  4106|  4107|  4107|   none  |
    +------+------+------+------+---------+

    + Detail: 
        * Instance: 
        N/A

        * Loop: 
        +----------+------+------+----------+-----------+-----------+------+----------+
        |          |   Latency   | Iteration|  Initiation Interval  | Trip |          |
        | Loop Name|  min |  max |  Latency |  achieved |   target  | Count| Pipelined|
        +----------+------+------+----------+-----------+-----------+------+----------+
        |- Loop 1  |  4087|  4087|         7|          4|          4|  1021|    yes   |
        +----------+------+------+----------+-----------+-----------+------+----------+



================================================================
== Utilization Estimates
================================================================
* Summary: 
+-----------------+---------+-------+--------+--------+
|       Name      | BRAM_18K| DSP48E|   FF   |   LUT  |
+-----------------+---------+-------+--------+--------+
|DSP              |        -|      -|       -|       -|
|Expression       |        -|      -|       0|     617|
|FIFO             |        -|      -|       -|       -|
|Instance         |        -|      2|     227|     214|
|Memory           |        -|      -|       -|       -|
|Multiplexer      |        -|      -|       -|     499|
|Register         |        -|      -|     756|       -|
+-----------------+---------+-------+--------+--------+
|Total            |        0|      2|     983|    1330|
+-----------------+---------+-------+--------+--------+
|Available        |      650|    600|  202800|  101400|
+-----------------+---------+-------+--------+--------+
|Utilization (%)  |        0|   ~0  |   ~0   |       1|
+-----------------+---------+-------+--------+--------+

+ Detail: 
    * Instance: 
    +-------------------------+----------------------+---------+-------+-----+-----+
    |         Instance        |        Module        | BRAM_18K| DSP48E|  FF | LUT |
    +-------------------------+----------------------+---------+-------+-----+-----+
    |kernel3_fadd_32nsbkb_U1  |kernel3_fadd_32nsbkb  |        0|      2|  227|  214|
    +-------------------------+----------------------+---------+-------+-----+-----+
    |Total                    |                      |        0|      2|  227|  214|
    +-------------------------+----------------------+---------+-------+-----+-----+

    * DSP48: 
    N/A

    * Memory: 
    N/A

    * FIFO: 
    N/A

    * Expression: 
    +-----------------------------+----------+-------+---+----+------------+------------+
    |        Variable Name        | Operation| DSP48E| FF| LUT| Bitwidth P0| Bitwidth P1|
    +-----------------------------+----------+-------+---+----+------------+------------+
    |i_1_fu_399_p2                |     +    |      0|  0|  11|          11|           1|
    |sel_tmp2_fu_434_p2           |    and   |      0|  0|   1|           1|           1|
    |sel_tmp3_fu_352_p2           |    and   |      0|  0|   1|           1|           1|
    |sel_tmp7_fu_452_p2           |    and   |      0|  0|   1|           1|           1|
    |exitcond_fu_387_p2           |   icmp   |      0|  0|   5|          11|          12|
    |tmp_10_fu_548_p2             |   icmp   |      0|  0|  11|          32|           2|
    |tmp_11_fu_422_p2             |   icmp   |      0|  0|  11|          32|          32|
    |tmp_14_fu_559_p2             |   icmp   |      0|  0|  11|          32|           2|
    |tmp_15_fu_526_p2             |   icmp   |      0|  0|  11|          32|           2|
    |tmp_1_fu_537_p2              |   icmp   |      0|  0|  11|          32|           2|
    |tmp_2_fu_300_p2              |   icmp   |      0|  0|  11|          32|          32|
    |tmp_5_fu_410_p2              |   icmp   |      0|  0|  11|          32|          32|
    |tmp_6_fu_327_p2              |   icmp   |      0|  0|  11|          32|          32|
    |tmp_8_fu_333_p2              |   icmp   |      0|  0|  11|          32|          32|
    |tmp_9_fu_416_p2              |   icmp   |      0|  0|  11|          32|          32|
    |or_cond_fu_458_p2            |    or    |      0|  0|   1|           1|           1|
    |sel_tmp6_demorgan_fu_440_p2  |    or    |      0|  0|   1|           1|           1|
    |hist1_2_ph_v_fu_379_p3       |  select  |      0|  0|  32|           1|          32|
    |hist2_2_pn_fu_519_p3         |  select  |      0|  0|  32|           1|          32|
    |hist4_v_fu_306_p3            |  select  |      0|  0|  32|           1|          32|
    |index0_1_fu_488_p3           |  select  |      0|  0|  32|           1|          32|
    |index0_3_ph_fu_365_p3        |  select  |      0|  0|  32|           1|          32|
    |index0_6_fu_512_p3           |  select  |      0|  0|  32|           1|           2|
    |index1_1_ph_fu_338_p3        |  select  |      0|  0|  32|           1|           2|
    |index1_2_fu_472_p3           |  select  |      0|  0|  32|           1|          32|
    |index4_fu_314_p3             |  select  |      0|  0|  32|           1|           2|
    |newSel_fu_464_p3             |  select  |      0|  0|  32|           1|           2|
    |sel_tmp4_fu_358_p3           |  select  |      0|  0|  32|           1|           2|
    |sel_tmp53_v_fu_372_p3        |  select  |      0|  0|  32|           1|          32|
    |sel_tmp5_fu_480_p3           |  select  |      0|  0|  32|           1|           2|
    |sel_tmp8_fu_496_p3           |  select  |      0|  0|  32|           1|          32|
    |sel_tmp9_fu_504_p3           |  select  |      0|  0|  32|           1|          32|
    |sel_tmp1_fu_428_p2           |    xor   |      0|  0|   2|           1|           2|
    |sel_tmp6_fu_446_p2           |    xor   |      0|  0|   2|           1|           2|
    |sel_tmp_fu_346_p2            |    xor   |      0|  0|   2|           1|           2|
    +-----------------------------+----------+-------+---+----+------------+------------+
    |Total                        |          |      0|  0| 617|         365|         524|
    +-----------------------------+----------+-------+---+----+------------+------------+

    * Multiplexer: 
    +------------------------+----+-----------+-----+-----------+
    |          Name          | LUT| Input Size| Bits| Total Bits|
    +------------------------+----+-----------+-----+-----------+
    |ap_NS_fsm               |  21|         24|    1|         24|
    |grp_fu_271_p0           |  32|          5|   32|        160|
    |hist0_1_phi_fu_209_p4   |  32|          2|   32|         64|
    |hist0_1_reg_205         |  32|          2|   32|         64|
    |hist1_1_phi_fu_251_p4   |  32|          2|   32|         64|
    |hist1_1_reg_246         |  32|          2|   32|         64|
    |hist5_reg_258           |  32|          2|   32|         64|
    |hist_address0           |  20|          9|   10|         90|
    |hist_d0                 |  32|          5|   32|        160|
    |i_phi_fu_198_p4         |  11|          2|   11|         22|
    |i_reg_194               |  11|          2|   11|         22|
    |index0_3_phi_fu_239_p4  |  32|          2|   32|         64|
    |index0_3_reg_236        |  32|          2|   32|         64|
    |index1_1_phi_fu_229_p4  |  32|          2|   32|         64|
    |index1_1_reg_226        |  32|          2|   32|         64|
    |index5_phi_fu_219_p4    |  32|          2|   32|         64|
    |index5_reg_216          |  32|          2|   32|         64|
    |index_address0          |  10|          5|   10|         50|
    |weight_address0         |  10|          5|   10|         50|
    +------------------------+----+-----------+-----+-----------+
    |Total                   | 499|         79|  469|       1282|
    +------------------------+----+-----------+-----+-----------+

    * Register: 
    +--------------------------------------------+----+----+-----+-----------+
    |                    Name                    | FF | LUT| Bits| Const Bits|
    +--------------------------------------------+----+----+-----+-----------+
    |ap_CS_fsm                                   |  23|   0|   23|          0|
    |ap_enable_reg_pp0_iter0                     |   1|   0|    1|          0|
    |ap_enable_reg_pp0_iter1                     |   1|   0|    1|          0|
    |ap_pipeline_reg_pp0_iter1_exitcond_reg_663  |   1|   0|    1|          0|
    |ap_pipeline_reg_pp0_iter1_reg_285           |  32|   0|   32|          0|
    |exitcond_reg_663                            |   1|   0|    1|          0|
    |hist0_1_reg_205                             |  32|   0|   32|          0|
    |hist0_reg_605                               |  32|   0|   32|          0|
    |hist1_1_reg_246                             |  32|   0|   32|          0|
    |hist1_2_ph_v_reg_653                        |  32|   0|   32|          0|
    |hist1_reg_638                               |  32|   0|   32|          0|
    |hist2_reg_658                               |  32|   0|   32|          0|
    |hist4_v_reg_611                             |  32|   0|   32|          0|
    |hist5_reg_258                               |  32|   0|   32|          0|
    |hist_load_reg_585                           |  32|   0|   32|          0|
    |i_1_reg_677                                 |  11|   0|   11|          0|
    |i_reg_194                                   |  11|   0|   11|          0|
    |index0_1_reg_698                            |  32|   0|   32|          0|
    |index0_3_ph_reg_648                         |  32|   0|   32|          0|
    |index0_3_reg_236                            |  32|   0|   32|          0|
    |index1_1_ph_reg_643                         |  32|   0|   32|          0|
    |index1_1_reg_226                            |  32|   0|   32|          0|
    |index1_2_reg_693                            |  32|   0|   32|          0|
    |index4_reg_616                              |  32|   0|   32|          0|
    |index5_reg_216                              |  32|   0|   32|          0|
    |reg_275                                     |  32|   0|   32|          0|
    |reg_280                                     |  32|   0|   32|          0|
    |reg_285                                     |  32|   0|   32|          0|
    |sel_tmp7_reg_687                            |   1|   0|    1|          0|
    |sel_tmp9_reg_703                            |  32|   0|   32|          0|
    |tmp_10_reg_724                              |   1|   0|    1|          0|
    |tmp_14_reg_728                              |   1|   0|    1|          0|
    +--------------------------------------------+----+----+-----+-----------+
    |Total                                       | 756|   0|  756|          0|
    +--------------------------------------------+----+----+-----+-----------+



================================================================
== Interface
================================================================
* Summary: 
+-----------------+-----+-----+------------+--------------+--------------+
|    RTL Ports    | Dir | Bits|  Protocol  | Source Object|    C Type    |
+-----------------+-----+-----+------------+--------------+--------------+
|ap_clk           |  in |    1| ap_ctrl_hs |    kernel3   | return value |
|ap_rst           |  in |    1| ap_ctrl_hs |    kernel3   | return value |
|ap_start         |  in |    1| ap_ctrl_hs |    kernel3   | return value |
|ap_done          | out |    1| ap_ctrl_hs |    kernel3   | return value |
|ap_idle          | out |    1| ap_ctrl_hs |    kernel3   | return value |
|ap_ready         | out |    1| ap_ctrl_hs |    kernel3   | return value |
|hist_address0    | out |   10|  ap_memory |     hist     |     array    |
|hist_ce0         | out |    1|  ap_memory |     hist     |     array    |
|hist_we0         | out |    1|  ap_memory |     hist     |     array    |
|hist_d0          | out |   32|  ap_memory |     hist     |     array    |
|hist_q0          |  in |   32|  ap_memory |     hist     |     array    |
|weight_address0  | out |   10|  ap_memory |    weight    |     array    |
|weight_ce0       | out |    1|  ap_memory |    weight    |     array    |
|weight_q0        |  in |   32|  ap_memory |    weight    |     array    |
|index_address0   | out |   10|  ap_memory |     index    |     array    |
|index_ce0        | out |    1|  ap_memory |     index    |     array    |
|index_q0         |  in |   32|  ap_memory |     index    |     array    |
+-----------------+-----+-----+------------+--------------+--------------+

