==============================================================
File generated by Vivado(TM) HLS - High-Level Synthesis from C, C++ and SystemC
Version: 2016.4
Copyright (C) 1986-2017 Xilinx, Inc. All Rights Reserved.

==============================================================

@I [SYN-201] Setting up clock 'default' with a period of 10ns.
@I [HLS-10] Setting target device to 'xc7k160tfbg484-1'
@I [HLS-10] Analyzing design file 'kernel1.cpp' ... 
@I [HLS-10] Validating synthesis directives ...
@I [HLS-111] Finished Checking Pragmas Time (s): cpu = 00:00:01 ; elapsed = 00:00:02 . Memory (MB): peak = 325.164 ; gain = 12.586 ; free physical = 97 ; free virtual = 317
@I [HLS-111] Finished Linking Time (s): cpu = 00:00:01 ; elapsed = 00:00:03 . Memory (MB): peak = 325.164 ; gain = 12.586 ; free physical = 93 ; free virtual = 317
@I [HLS-10] Starting code transformations ...
@I [HLS-111] Finished Standard Transforms Time (s): cpu = 00:00:01 ; elapsed = 00:00:03 . Memory (MB): peak = 325.164 ; gain = 12.586 ; free physical = 86 ; free virtual = 316
@I [HLS-10] Checking synthesizability ...
@I [HLS-111] Finished Checking Synthesizability Time (s): cpu = 00:00:01 ; elapsed = 00:00:03 . Memory (MB): peak = 325.164 ; gain = 12.586 ; free physical = 86 ; free virtual = 316
@I [HLS-111] Finished Pre-synthesis Time (s): cpu = 00:00:01 ; elapsed = 00:00:03 . Memory (MB): peak = 453.160 ; gain = 140.582 ; free physical = 64 ; free virtual = 297
@I [HLS-111] Finished Architecture Synthesis Time (s): cpu = 00:00:01 ; elapsed = 00:00:03 . Memory (MB): peak = 453.160 ; gain = 140.582 ; free physical = 71 ; free virtual = 305
@I [HLS-10] Starting hardware synthesis ...
@I [HLS-10] Synthesizing 'kernel1' ...
@W [SYN-107] Renaming port name 'kernel1/array' to 'kernel1/array_r' to avoid the conflict with HDL keywords or other object names.
@I [HLS-10] ----------------------------------------------------------------
@I [HLS-10] -- Implementing module 'kernel1' 
@I [HLS-10] ----------------------------------------------------------------
@I [SCHED-11] Starting scheduling ...
@I [SCHED-61] Pipelining loop 'Loop 1'.
@I [SCHED-61] Pipelining result: Target II: 1, Final II: 1, Depth: 2.
@I [SCHED-11] Finished scheduling.
@I [HLS-111]  Elapsed time: 3.15 seconds; current allocated memory: 55.451 MB.
@I [BIND-100] Starting micro-architecture generation ...
@I [BIND-101] Performing variable lifetime analysis.
@I [BIND-101] Exploring resource sharing.
@I [BIND-101] Binding ...
@I [BIND-100] Finished micro-architecture generation.
@I [HLS-111]  Elapsed time: 0.02 seconds; current allocated memory: 55.577 MB.
@I [HLS-10] ----------------------------------------------------------------
@I [HLS-10] -- Generating RTL for module 'kernel1' 
@I [HLS-10] ----------------------------------------------------------------
@I [RTGEN-500] Setting interface mode on port 'kernel1/array_r' to 'ap_memory'.
@I [RTGEN-500] Setting interface mode on function 'kernel1' to 'ap_ctrl_hs'.
@I [RTGEN-100] Finished creating RTL model for 'kernel1'.
@I [HLS-111]  Elapsed time: 0.06 seconds; current allocated memory: 55.790 MB.
@I [HLS-111] Finished generating all RTL models Time (s): cpu = 00:00:02 ; elapsed = 00:00:03 . Memory (MB): peak = 453.160 ; gain = 140.582 ; free physical = 86 ; free virtual = 301
@I [SYSC-301] Generating SystemC RTL for kernel1.
@I [VHDL-304] Generating VHDL RTL for kernel1.
@I [VLOG-307] Generating Verilog RTL for kernel1.
@I [HLS-112] Total elapsed time: 3.45 seconds; peak allocated memory: 55.790 MB.
