

================================================================
== Vivado HLS Report for 'kernel2'
================================================================
* Date:           Sun May 22 22:32:21 2022

* Version:        2016.4 (Build 1756540 on Mon Jan 23 19:31:01 MST 2017)
* Project:        prj_kernel2
* Solution:       solution1
* Product family: kintex7
* Target device:  xc7k160tfbg484-1


================================================================
== Performance Estimates
================================================================
+ Timing (ns): 
    * Summary: 
    +--------+-------+----------+------------+
    |  Clock | Target| Estimated| Uncertainty|
    +--------+-------+----------+------------+
    |ap_clk  |  10.00|      7.14|        1.25|
    +--------+-------+----------+------------+

+ Latency (clock cycles): 
    * Summary: 
    +------+------+------+------+---------+
    |   Latency   |   Interval  | Pipeline|
    |  min |  max |  min |  max |   Type  |
    +------+------+------+------+---------+
    |  5110|  5110|  5111|  5111|   none  |
    +------+------+------+------+---------+

    + Detail: 
        * Instance: 
        N/A

        * Loop: 
        +----------+------+------+----------+-----------+-----------+------+----------+
        |          |   Latency   | Iteration|  Initiation Interval  | Trip |          |
        | Loop Name|  min |  max |  Latency |  achieved |   target  | Count| Pipelined|
        +----------+------+------+----------+-----------+-----------+------+----------+
        |- Loop 1  |  5106|  5106|         7|          5|          1|  1021|    yes   |
        +----------+------+------+----------+-----------+-----------+------+----------+



================================================================
== Utilization Estimates
================================================================
* Summary: 
+-----------------+---------+-------+--------+--------+
|       Name      | BRAM_18K| DSP48E|   FF   |   LUT  |
+-----------------+---------+-------+--------+--------+
|DSP              |        -|      -|       -|       -|
|Expression       |        -|      -|       0|      48|
|FIFO             |        -|      -|       -|       -|
|Instance         |        -|      4|       0|       0|
|Memory           |        -|      -|       -|       -|
|Multiplexer      |        -|      -|       -|     206|
|Register         |        -|      -|     206|       -|
+-----------------+---------+-------+--------+--------+
|Total            |        0|      4|     206|     254|
+-----------------+---------+-------+--------+--------+
|Available        |      650|    600|  202800|  101400|
+-----------------+---------+-------+--------+--------+
|Utilization (%)  |        0|   ~0  |   ~0   |   ~0   |
+-----------------+---------+-------+--------+--------+

+ Detail: 
    * Instance: 
    +-------------------------+----------------------+---------+-------+---+----+
    |         Instance        |        Module        | BRAM_18K| DSP48E| FF| LUT|
    +-------------------------+----------------------+---------+-------+---+----+
    |kernel2_mul_32s_3bkb_U1  |kernel2_mul_32s_3bkb  |        0|      4|  0|   0|
    +-------------------------+----------------------+---------+-------+---+----+
    |Total                    |                      |        0|      4|  0|   0|
    +-------------------------+----------------------+---------+-------+---+----+

    * DSP48: 
    N/A

    * Memory: 
    N/A

    * FIFO: 
    N/A

    * Expression: 
    +--------------------+----------+-------+---+----+------------+------------+
    |    Variable Name   | Operation| DSP48E| FF| LUT| Bitwidth P0| Bitwidth P1|
    +--------------------+----------+-------+---+----+------------+------------+
    |i_1_fu_138_p2       |     +    |      0|  0|  11|          11|           1|
    |result_fu_144_p2    |     +    |      0|  0|  32|          32|          32|
    |exitcond_fu_126_p2  |   icmp   |      0|  0|   5|          11|          12|
    +--------------------+----------+-------+---+----+------------+------------+
    |Total               |          |      0|  0|  48|          54|          45|
    +--------------------+----------+-------+---+----+------------+------------+

    * Multiplexer: 
    +---------------------+----+-----------+-----+-----------+
    |         Name        | LUT| Input Size| Bits| Total Bits|
    +---------------------+----+-----------+-----+-----------+
    |ap_NS_fsm            |   4|         10|    1|         10|
    |array_r_address0     |  10|          3|   10|         30|
    |array_r_address1     |  10|          3|   10|         30|
    |i_phi_fu_107_p4      |  11|          2|   11|         22|
    |i_reg_103            |  11|          2|   11|         22|
    |reg0_1_phi_fu_85_p4  |  32|          2|   32|         64|
    |reg0_1_reg_82        |  32|          2|   32|         64|
    |reg1_1_reg_92        |  32|          2|   32|         64|
    |reg_phi_fu_118_p4    |  32|          2|   32|         64|
    |reg_reg_115          |  32|          2|   32|         64|
    +---------------------+----+-----------+-----+-----------+
    |Total                | 206|         30|  203|        434|
    +---------------------+----+-----------+-----+-----------+

    * Register: 
    +--------------------------------------------+----+----+-----+-----------+
    |                    Name                    | FF | LUT| Bits| Const Bits|
    +--------------------------------------------+----+----+-----+-----------+
    |ap_CS_fsm                                   |   9|   0|    9|          0|
    |ap_enable_reg_pp0_iter0                     |   1|   0|    1|          0|
    |ap_enable_reg_pp0_iter1                     |   1|   0|    1|          0|
    |ap_pipeline_reg_pp0_iter1_exitcond_reg_185  |   1|   0|    1|          0|
    |ap_pipeline_reg_pp0_iter1_i_reg_103         |  11|   0|   11|          0|
    |exitcond_reg_185                            |   1|   0|    1|          0|
    |i_1_reg_189                                 |  11|   0|   11|          0|
    |i_reg_103                                   |  11|   0|   11|          0|
    |reg0_1_reg_82                               |  32|   0|   32|          0|
    |reg1_1_reg_92                               |  32|   0|   32|          0|
    |reg2_reg_165                                |  32|   0|   32|          0|
    |reg_reg_115                                 |  32|   0|   32|          0|
    |result_reg_194                              |  32|   0|   32|          0|
    +--------------------------------------------+----+----+-----+-----------+
    |Total                                       | 206|   0|  206|          0|
    +--------------------------------------------+----+----+-----+-----------+



================================================================
== Interface
================================================================
* Summary: 
+------------------+-----+-----+------------+--------------+--------------+
|     RTL Ports    | Dir | Bits|  Protocol  | Source Object|    C Type    |
+------------------+-----+-----+------------+--------------+--------------+
|ap_clk            |  in |    1| ap_ctrl_hs |    kernel2   | return value |
|ap_rst            |  in |    1| ap_ctrl_hs |    kernel2   | return value |
|ap_start          |  in |    1| ap_ctrl_hs |    kernel2   | return value |
|ap_done           | out |    1| ap_ctrl_hs |    kernel2   | return value |
|ap_idle           | out |    1| ap_ctrl_hs |    kernel2   | return value |
|ap_ready          | out |    1| ap_ctrl_hs |    kernel2   | return value |
|array_r_address0  | out |   10|  ap_memory |    array_r   |     array    |
|array_r_ce0       | out |    1|  ap_memory |    array_r   |     array    |
|array_r_q0        |  in |   32|  ap_memory |    array_r   |     array    |
|array_r_address1  | out |   10|  ap_memory |    array_r   |     array    |
|array_r_ce1       | out |    1|  ap_memory |    array_r   |     array    |
|array_r_we1       | out |    1|  ap_memory |    array_r   |     array    |
|array_r_d1        | out |   32|  ap_memory |    array_r   |     array    |
|array_r_q1        |  in |   32|  ap_memory |    array_r   |     array    |
+------------------+-----+-----+------------+--------------+--------------+

