

================================================================
== Vivado HLS Report for 'kernel4'
================================================================
* Date:           Sun May 22 23:25:48 2022

* Version:        2016.4 (Build 1756540 on Mon Jan 23 19:31:01 MST 2017)
* Project:        prj_kernel4
* Solution:       solution1
* Product family: kintex7
* Target device:  xc7k160tfbg484-1


================================================================
== Performance Estimates
================================================================
+ Timing (ns): 
    * Summary: 
    +--------+-------+----------+------------+
    |  Clock | Target| Estimated| Uncertainty|
    +--------+-------+----------+------------+
    |ap_clk  |  10.00|      8.32|        1.25|
    +--------+-------+----------+------------+

+ Latency (clock cycles): 
    * Summary: 
    +-----+-----+-----+-----+---------+
    |  Latency  |  Interval | Pipeline|
    | min | max | min | max |   Type  |
    +-----+-----+-----+-----+---------+
    |    ?|    ?|    ?|    ?|   none  |
    +-----+-----+-----+-----+---------+

    + Detail: 
        * Instance: 
        N/A

        * Loop: 
        +----------+-----+-----+----------+-----------+-----------+------+----------+
        |          |  Latency  | Iteration|  Initiation Interval  | Trip |          |
        | Loop Name| min | max |  Latency |  achieved |   target  | Count| Pipelined|
        +----------+-----+-----+----------+-----------+-----------+------+----------+
        |- Loop 1  |    ?|    ?|         7|          1|          1|     ?|    yes   |
        +----------+-----+-----+----------+-----------+-----------+------+----------+



================================================================
== Utilization Estimates
================================================================
* Summary: 
+-----------------+---------+-------+--------+--------+
|       Name      | BRAM_18K| DSP48E|   FF   |   LUT  |
+-----------------+---------+-------+--------+--------+
|DSP              |        -|      -|       -|       -|
|Expression       |        -|      -|       0|     107|
|FIFO             |        -|      -|       -|       -|
|Instance         |        -|      8|       0|       0|
|Memory           |        -|      -|       -|       -|
|Multiplexer      |        -|      -|       -|     118|
|Register         |        -|      -|     118|       1|
+-----------------+---------+-------+--------+--------+
|Total            |        0|      8|     118|     226|
+-----------------+---------+-------+--------+--------+
|Available        |      650|    600|  202800|  101400|
+-----------------+---------+-------+--------+--------+
|Utilization (%)  |        0|      1|   ~0   |   ~0   |
+-----------------+---------+-------+--------+--------+

+ Detail: 
    * Instance: 
    +-------------------------+----------------------+---------+-------+---+----+
    |         Instance        |        Module        | BRAM_18K| DSP48E| FF| LUT|
    +-------------------------+----------------------+---------+-------+---+----+
    |kernel4_mul_32s_3bkb_U1  |kernel4_mul_32s_3bkb  |        0|      4|  0|   0|
    |kernel4_mul_32s_3bkb_U2  |kernel4_mul_32s_3bkb  |        0|      4|  0|   0|
    +-------------------------+----------------------+---------+-------+---+----+
    |Total                    |                      |        0|      8|  0|   0|
    +-------------------------+----------------------+---------+-------+---+----+

    * DSP48: 
    N/A

    * Memory: 
    N/A

    * FIFO: 
    N/A

    * Expression: 
    +-----------------+----------+-------+---+----+------------+------------+
    |  Variable Name  | Operation| DSP48E| FF| LUT| Bitwidth P0| Bitwidth P1|
    +-----------------+----------+-------+---+----+------------+------------+
    |i_fu_110_p2      |     +    |      0|  0|  32|          32|           1|
    |sum_1_fu_157_p2  |     +    |      0|  0|  16|          32|          32|
    |tmp_4_fu_128_p2  |     +    |      0|  0|  32|          32|           2|
    |tmp_7_fu_151_p2  |     -    |      0|  0|  16|          32|          32|
    |tmp_1_fu_116_p2  |   icmp   |      0|  0|  11|          32|          10|
    +-----------------+----------+-------+---+----+------------+------------+
    |Total            |          |      0|  0| 107|         160|          77|
    +-----------------+----------+-------+---+----+------------+------------+

    * Multiplexer: 
    +-------------------------+----+-----------+-----+-----------+
    |           Name          | LUT| Input Size| Bits| Total Bits|
    +-------------------------+----+-----------+-----+-----------+
    |ap_NS_fsm                |   1|          5|    1|          5|
    |ap_enable_reg_pp0_iter6  |   1|          2|    1|          2|
    |array_r_address0         |  10|          3|   10|         30|
    |array_r_address1         |  10|          3|   10|         30|
    |i_0_in_phi_fu_99_p4      |  32|          2|   32|         64|
    |i_0_in_reg_96            |  32|          2|   32|         64|
    |sum1_reg_85              |  32|          2|   32|         64|
    +-------------------------+----+-----------+-----+-----------+
    |Total                    | 118|         19|  118|        259|
    +-------------------------+----+-----------+-----+-----------+

    * Register: 
    +-------------------------+----+----+-----+-----------+
    |           Name          | FF | LUT| Bits| Const Bits|
    +-------------------------+----+----+-----+-----------+
    |ap_CS_fsm                |   4|   0|    4|          0|
    |ap_enable_reg_pp0_iter0  |   1|   0|    1|          0|
    |ap_enable_reg_pp0_iter1  |   1|   0|    1|          0|
    |ap_enable_reg_pp0_iter2  |   1|   0|    1|          0|
    |ap_enable_reg_pp0_iter3  |   1|   0|    1|          0|
    |ap_enable_reg_pp0_iter4  |   1|   0|    1|          0|
    |ap_enable_reg_pp0_iter5  |   1|   0|    1|          0|
    |ap_enable_reg_pp0_iter6  |   1|   0|    1|          0|
    |array_addr_reg_168       |  10|   0|   10|          0|
    |i_0_in_reg_96            |  32|   0|   32|          0|
    |i_reg_179                |  32|   0|   32|          0|
    |sum1_reg_85              |  32|   0|   32|          0|
    |tmp_1_reg_184            |   1|   0|    1|          0|
    |tmp_1_reg_184            |   0|   1|    1|          0|
    +-------------------------+----+----+-----+-----------+
    |Total                    | 118|   1|  119|          0|
    +-------------------------+----+----+-----+-----------+



================================================================
== Interface
================================================================
* Summary: 
+------------------+-----+-----+------------+--------------+--------------+
|     RTL Ports    | Dir | Bits|  Protocol  | Source Object|    C Type    |
+------------------+-----+-----+------------+--------------+--------------+
|ap_clk            |  in |    1| ap_ctrl_hs |    kernel4   | return value |
|ap_rst            |  in |    1| ap_ctrl_hs |    kernel4   | return value |
|ap_start          |  in |    1| ap_ctrl_hs |    kernel4   | return value |
|ap_done           | out |    1| ap_ctrl_hs |    kernel4   | return value |
|ap_idle           | out |    1| ap_ctrl_hs |    kernel4   | return value |
|ap_ready          | out |    1| ap_ctrl_hs |    kernel4   | return value |
|array_r_address0  | out |   10|  ap_memory |    array_r   |     array    |
|array_r_ce0       | out |    1|  ap_memory |    array_r   |     array    |
|array_r_q0        |  in |   32|  ap_memory |    array_r   |     array    |
|array_r_address1  | out |   10|  ap_memory |    array_r   |     array    |
|array_r_ce1       | out |    1|  ap_memory |    array_r   |     array    |
|array_r_we1       | out |    1|  ap_memory |    array_r   |     array    |
|array_r_d1        | out |   32|  ap_memory |    array_r   |     array    |
|array_r_q1        |  in |   32|  ap_memory |    array_r   |     array    |
|index_address0    | out |   10|  ap_memory |     index    |     array    |
|index_ce0         | out |    1|  ap_memory |     index    |     array    |
|index_q0          |  in |   32|  ap_memory |     index    |     array    |
|offset            |  in |   32|   ap_none  |    offset    |    scalar    |
+------------------+-----+-----+------------+--------------+--------------+

